#
# A fatal error has been detected by the Java Runtime Environment:
#
#  EXCEPTION_ACCESS_VIOLATION (0xc0000005) at pc=0x000000006f84f046, pid=2104, tid=0x000000000000198c
#
# JRE version: Java(TM) SE Runtime Environment (8.0_161-b12) (build 1.8.0_161-b12)
# Java VM: Java HotSpot(TM) 64-Bit Server VM (25.161-b12 mixed mode windows-amd64 compressed oops)
# Problematic frame:
# V  [jvm.dll+0x13f046]
#
# Failed to write core dump. Minidumps are not enabled by default on client versions of Windows
#
# If you would like to submit a bug report, please visit:
#   http://bugreport.java.com/bugreport/crash.jsp
#

---------------  T H R E A D  ---------------

Current thread (0x00000000028ba000):  JavaThread "main" [_thread_in_vm, id=6540, stack(0x00000000027b0000,0x00000000028b0000)]

siginfo: ExceptionCode=0xc0000005, reading address 0x0000000000000058

Registers:
RAX=0x0000000000000058, RBX=0x00000000028ba000, RCX=0x0000000000000058, RDX=0x00000001000a4428
RSP=0x00000000028aee60, RBP=0x00000000028aeeb0, RSI=0x00000000028aeeb8, RDI=0x0000000011800000
R8 =0x0000000000000000, R9 =0x00000000028aeeb8, R10=0x000000000310cb0f, R11=0x000000000310cad8
R12=0x0000000000000000, R13=0x00000000028aef08, R14=0x00000000028aef78, R15=0x00000000028ba000
RIP=0x000000006f84f046, EFLAGS=0x0000000000010246

Top of Stack: (sp=0x00000000028aee60)
0x00000000028aee60:   00000000028ba000 0000000002ac56d0
0x00000000028aee70:   000000000000000e 000000001856dc38
0x00000000028aee80:   0000000011800000 000000000310cb89
0x00000000028aee90:   0000000013c9c298 00000000028aeef0
0x00000000028aeea0:   00000000007d5deb 00000000028abdf0
0x00000000028aeeb0:   00000000d04bbbc8 00000000028abdf0
0x00000000028aeec0:   00000000028aeeb0 0000000013caba28
0x00000000028aeed0:   00000000028aef10 0000000013d3a3a8
0x00000000028aeee0:   0000000000000000 0000000013caba30
0x00000000028aeef0:   00000000028aef58 0000000002ac7b30
0x00000000028aef00:   0000000002ac7b30 00000000028abdf0
0x00000000028aef10:   00000000d04bbbc8 00000000028aef18
0x00000000028aef20:   000000001856dbf6 00000000028aef78
0x00000000028aef30:   000000001856dcc8 0000000000000000
0x00000000028aef40:   000000001856dc38 00000000028aef08
0x00000000028aef50:   00000000028aef68 00000000028aefc0 

Instructions: (pc=0x000000006f84f046)
0x000000006f84f026:   16 45 8b 40 08 8b 0d 77 47 66 00 49 d3 e0 4c 03
0x000000006f84f036:   05 65 47 66 00 eb 04 4d 8b 40 08 8b 48 0c 8b c1
0x000000006f84f046:   4a 39 14 01 75 04 b0 01 eb 11 83 f9 18 74 04 32
0x000000006f84f056:   c0 eb 08 49 8b c8 e8 0f 65 fe ff 84 c0 40 0f 95 


Register to memory mapping:

RAX=0x0000000000000058 is an unknown value
RBX=0x00000000028ba000 is a thread
RCX=0x0000000000000058 is an unknown value
RDX=0x00000001000a4428 is pointing into metadata
RSP=0x00000000028aee60 is pointing into the stack for thread: 0x00000000028ba000
RBP=0x00000000028aeeb0 is pointing into the stack for thread: 0x00000000028ba000
RSI=0x00000000028aeeb8 is pointing into the stack for thread: 0x00000000028ba000
RDI=0x0000000011800000 is an unknown value
R8 =0x0000000000000000 is an unknown value
R9 =0x00000000028aeeb8 is pointing into the stack for thread: 0x00000000028ba000
R10=0x000000000310cb0f is at entry_point+79 in (nmethod*)0x000000000310c950
R11=0x000000000310cad8 is at entry_point+24 in (nmethod*)0x000000000310c950
R12=0x0000000000000000 is an unknown value
R13=0x00000000028aef08 is pointing into the stack for thread: 0x00000000028ba000
R14=0x00000000028aef78 is pointing into the stack for thread: 0x00000000028ba000
R15=0x00000000028ba000 is a thread


Stack: [0x00000000027b0000,0x00000000028b0000],  sp=0x00000000028aee60,  free space=1019k
Native frames: (J=compiled Java code, j=interpreted, Vv=VM code, C=native code)
V  [jvm.dll+0x13f046]
C  0x000000000310cb89

Java frames: (J=compiled Java code, j=interpreted, Vv=VM code)
J 2281  java.lang.Class.isInstance(Ljava/lang/Object;)Z (0 bytes) @ 0x000000000310cb0f [0x000000000310cac0+0x4f]
j  org.springframework.boot.diagnostics.AbstractFailureAnalyzer.findCause(Ljava/lang/Throwable;Ljava/lang/Class;)Ljava/lang/Throwable;+6
j  org.springframework.boot.diagnostics.AbstractFailureAnalyzer.analyze(Ljava/lang/Throwable;)Lorg/springframework/boot/diagnostics/FailureAnalysis;+6
j  org.springframework.boot.diagnostics.FailureAnalyzers.analyze(Ljava/lang/Throwable;Ljava/util/List;)Lorg/springframework/boot/diagnostics/FailureAnalysis;+30
j  org.springframework.boot.diagnostics.FailureAnalyzers.analyzeAndReport(Ljava/lang/Throwable;)Z+6
j  org.springframework.boot.SpringApplication.reportFailure(Lorg/springframework/boot/diagnostics/FailureAnalyzers;Ljava/lang/Throwable;)V+6
j  org.springframework.boot.SpringApplication.handleRunFailure(Lorg/springframework/context/ConfigurableApplicationContext;Lorg/springframework/boot/SpringApplicationRunListeners;Lorg/springframework/boot/diagnostics/FailureAnalyzers;Ljava/lang/Throwable;)V+40
j  org.springframework.boot.SpringApplication.run([Ljava/lang/String;)Lorg/springframework/context/ConfigurableApplicationContext;+150
j  grails.boot.GrailsApp.run([Ljava/lang/String;)Lorg/springframework/context/ConfigurableApplicationContext;+2
j  grails.boot.GrailsApp.run([Ljava/lang/Object;[Ljava/lang/String;)Lorg/springframework/context/ConfigurableApplicationContext;+43
j  grails.boot.GrailsApp.run(Ljava/lang/Object;[Ljava/lang/String;)Lorg/springframework/context/ConfigurableApplicationContext;+9
j  grails.boot.GrailsApp$run.call(Ljava/lang/Object;[Ljava/lang/Object;)Ljava/lang/Object;+18
j  org.codehaus.groovy.runtime.callsite.CallSiteArray.defaultCall(Lorg/codehaus/groovy/runtime/callsite/CallSite;Ljava/lang/Object;[Ljava/lang/Object;)Ljava/lang/Object;+8
j  org.codehaus.groovy.runtime.callsite.AbstractCallSite.call(Ljava/lang/Object;[Ljava/lang/Object;)Ljava/lang/Object;+3
j  org.codehaus.groovy.runtime.callsite.AbstractCallSite.call(Ljava/lang/Object;Ljava/lang/Object;Ljava/lang/Object;)Ljava/lang/Object;+38
j  sverseweb.Application.main([Ljava/lang/String;)V+57
v  ~StubRoutines::call_stub

---------------  P R O C E S S  ---------------

Java Threads: ( => current thread )
  0x0000000019fc7000 JavaThread "Abandoned connection cleanup thread" daemon [_thread_blocked, id=1264, stack(0x000000001b300000,0x000000001b400000)]
  0x0000000019fc6800 JavaThread "Tomcat JDBC Pool Cleaner[414493378:1550185823613]" daemon [_thread_blocked, id=4584, stack(0x000000001b200000,0x000000001b300000)]
  0x0000000015f22800 JavaThread "FileSystemWatcher: files=#122 cl=sun.misc.Launcher$AppClassLoader@18b4aac2" daemon [_thread_blocked, id=8844, stack(0x0000000016820000,0x0000000016920000)]
  0x0000000015db2800 JavaThread "Service Thread" daemon [_thread_blocked, id=8196, stack(0x0000000016520000,0x0000000016620000)]
  0x0000000015cd8800 JavaThread "C1 CompilerThread2" daemon [_thread_blocked, id=9188, stack(0x0000000016420000,0x0000000016520000)]
  0x0000000015cdd000 JavaThread "C2 CompilerThread1" daemon [_thread_blocked, id=8260, stack(0x0000000016320000,0x0000000016420000)]
  0x0000000015cdc000 JavaThread "C2 CompilerThread0" daemon [_thread_blocked, id=5320, stack(0x0000000016220000,0x0000000016320000)]
  0x00000000145f6800 JavaThread "Attach Listener" daemon [_thread_blocked, id=6360, stack(0x0000000015520000,0x0000000015620000)]
  0x0000000014605000 JavaThread "Signal Dispatcher" daemon [_thread_blocked, id=8996, stack(0x0000000015420000,0x0000000015520000)]
  0x00000000145e1800 JavaThread "Finalizer" daemon [_thread_blocked, id=7008, stack(0x0000000015220000,0x0000000015320000)]
  0x00000000029be000 JavaThread "Reference Handler" daemon [_thread_blocked, id=8884, stack(0x0000000015120000,0x0000000015220000)]
=>0x00000000028ba000 JavaThread "main" [_thread_in_vm, id=6540, stack(0x00000000027b0000,0x00000000028b0000)]

Other Threads:
  0x00000000145b6800 VMThread [stack: 0x0000000015020000,0x0000000015120000] [id=6648]
  0x0000000015d44000 WatcherThread [stack: 0x0000000016720000,0x0000000016820000] [id=6356]

VM state:not at safepoint (normal execution)

VM Mutex/Monitor currently owned by a thread: None

Heap:
 PSYoungGen      total 222720K, used 217351K [0x00000000f0000000, 0x0000000100000000, 0x0000000100000000)
  eden space 183296K, 97% used [0x00000000f0000000,0x00000000fae34950,0x00000000fb300000)
  from space 39424K, 98% used [0x00000000fb300000,0x00000000fd90d5a8,0x00000000fd980000)
  to   space 39424K, 0% used [0x00000000fd980000,0x00000000fd980000,0x0000000100000000)
 ParOldGen       total 524288K, used 49320K [0x00000000d0000000, 0x00000000f0000000, 0x00000000f0000000)
  object space 524288K, 9% used [0x00000000d0000000,0x00000000d302a380,0x00000000f0000000)
 Metaspace       used 50194K, capacity 51368K, committed 51624K, reserved 1095680K
  class space    used 5243K, capacity 5539K, committed 5552K, reserved 1048576K

Card table byte_map: [0x0000000011e80000,0x0000000012010000] byte_map_base: 0x0000000011800000

Marking Bits: (ParMarkBitMap*) 0x000000006ff2f860
 Begin Bits: [0x0000000012310000, 0x0000000012f10000)
 End Bits:   [0x0000000012f10000, 0x0000000013b10000)

Polling page: 0x0000000000a50000

CodeCache: size=245760Kb used=11933Kb max_used=11933Kb free=233826Kb
 bounds [0x0000000002ac0000, 0x0000000003670000, 0x0000000011ac0000]
 total_blobs=5454 nmethods=4778 adapters=588
 compilation: enabled

Compilation events (10 events):
Event: 76.995 Thread 0x0000000015cd8800 4858   !   1       org.codehaus.groovy.reflection.CachedConstructor::invoke (86 bytes)
Event: 76.996 Thread 0x0000000015cd8800 nmethod 4858 0x0000000003666510 code [0x00000000036666e0, 0x0000000003666b28]
Event: 76.996 Thread 0x0000000015cd8800 4859       1       org.codehaus.groovy.runtime.typehandling.DefaultTypeTransformation::castToNumber (121 bytes)
Event: 76.999 Thread 0x0000000015cd8800 nmethod 4859 0x0000000003666e10 code [0x0000000003667020, 0x0000000003667838]
Event: 77.005 Thread 0x0000000015cd8800 4860       1       java.lang.NoSuchFieldException::<init> (6 bytes)
Event: 77.005 Thread 0x0000000015cd8800 nmethod 4860 0x0000000003667f10 code [0x0000000003668060, 0x0000000003668188]
Event: 77.063 Thread 0x0000000015cd8800 4861       1       org.springsource.loaded.ri.MethodProvider::create (9 bytes)
Event: 77.064 Thread 0x0000000015cd8800 nmethod 4861 0x0000000003668250 code [0x00000000036683c0, 0x0000000003668588]
Event: 77.064 Thread 0x0000000015cd8800 4862       1       org.springsource.loaded.ri.ReloadableTypeMethodProvider::<init> (30 bytes)
Event: 77.066 Thread 0x0000000015cd8800 nmethod 4862 0x0000000003668650 code [0x00000000036687e0, 0x0000000003668bd8]

GC Heap History (10 events):
Event: 51.251 GC heap before
{Heap before GC invocations=11 (full 2):
 PSYoungGen      total 238592K, used 224660K [0x00000000f0000000, 0x0000000100000000, 0x0000000100000000)
  eden space 219136K, 97% used [0x00000000f0000000,0x00000000fcff9af8,0x00000000fd600000)
  from space 19456K, 60% used [0x00000000fed00000,0x00000000ff86b758,0x0000000100000000)
  to   space 21504K, 0% used [0x00000000fd600000,0x00000000fd600000,0x00000000feb00000)
 ParOldGen       total 524288K, used 33080K [0x00000000d0000000, 0x00000000f0000000, 0x00000000f0000000)
  object space 524288K, 6% used [0x00000000d0000000,0x00000000d204e1c8,0x00000000f0000000)
 Metaspace       used 39040K, capacity 39716K, committed 40104K, reserved 1085440K
  class space    used 3860K, capacity 3993K, committed 4016K, reserved 1048576K
Event: 51.324 GC heap after
Heap after GC invocations=11 (full 2):
 PSYoungGen      total 236544K, used 17203K [0x00000000f0000000, 0x0000000100000000, 0x0000000100000000)
  eden space 219136K, 0% used [0x00000000f0000000,0x00000000f0000000,0x00000000fd600000)
  from space 17408K, 98% used [0x00000000fd600000,0x00000000fe6ccc88,0x00000000fe700000)
  to   space 22528K, 0% used [0x00000000fea00000,0x00000000fea00000,0x0000000100000000)
 ParOldGen       total 524288K, used 33080K [0x00000000d0000000, 0x00000000f0000000, 0x00000000f0000000)
  object space 524288K, 6% used [0x00000000d0000000,0x00000000d204e1c8,0x00000000f0000000)
 Metaspace       used 39040K, capacity 39716K, committed 40104K, reserved 1085440K
  class space    used 3860K, capacity 3993K, committed 4016K, reserved 1048576K
}
Event: 55.711 GC heap before
{Heap before GC invocations=12 (full 2):
 PSYoungGen      total 236544K, used 236339K [0x00000000f0000000, 0x0000000100000000, 0x0000000100000000)
  eden space 219136K, 100% used [0x00000000f0000000,0x00000000fd600000,0x00000000fd600000)
  from space 17408K, 98% used [0x00000000fd600000,0x00000000fe6ccc88,0x00000000fe700000)
  to   space 22528K, 0% used [0x00000000fea00000,0x00000000fea00000,0x0000000100000000)
 ParOldGen       total 524288K, used 33080K [0x00000000d0000000, 0x00000000f0000000, 0x00000000f0000000)
  object space 524288K, 6% used [0x00000000d0000000,0x00000000d204e1c8,0x00000000f0000000)
 Metaspace       used 40902K, capacity 41636K, committed 41896K, reserved 1087488K
  class space    used 4082K, capacity 4242K, committed 4272K, reserved 1048576K
Event: 55.880 GC heap after
Heap after GC invocations=12 (full 2):
 PSYoungGen      total 222208K, used 22522K [0x00000000f0000000, 0x0000000100000000, 0x0000000100000000)
  eden space 199680K, 0% used [0x00000000f0000000,0x00000000f0000000,0x00000000fc300000)
  from space 22528K, 99% used [0x00000000fea00000,0x00000000ffffeb40,0x0000000100000000)
  to   space 31232K, 0% used [0x00000000fc300000,0x00000000fc300000,0x00000000fe180000)
 ParOldGen       total 524288K, used 48773K [0x00000000d0000000, 0x00000000f0000000, 0x00000000f0000000)
  object space 524288K, 9% used [0x00000000d0000000,0x00000000d2fa1430,0x00000000f0000000)
 Metaspace       used 40902K, capacity 41636K, committed 41896K, reserved 1087488K
  class space    used 4082K, capacity 4242K, committed 4272K, reserved 1048576K
}
Event: 60.949 GC heap before
{Heap before GC invocations=13 (full 2):
 PSYoungGen      total 222208K, used 222202K [0x00000000f0000000, 0x0000000100000000, 0x0000000100000000)
  eden space 199680K, 100% used [0x00000000f0000000,0x00000000fc300000,0x00000000fc300000)
  from space 22528K, 99% used [0x00000000fea00000,0x00000000ffffeb40,0x0000000100000000)
  to   space 31232K, 0% used [0x00000000fc300000,0x00000000fc300000,0x00000000fe180000)
 ParOldGen       total 524288K, used 48773K [0x00000000d0000000, 0x00000000f0000000, 0x00000000f0000000)
  object space 524288K, 9% used [0x00000000d0000000,0x00000000d2fa1430,0x00000000f0000000)
 Metaspace       used 42565K, capacity 43426K, committed 43560K, reserved 1087488K
  class space    used 4402K, capacity 4604K, committed 4656K, reserved 1048576K
Event: 61.134 GC heap after
Heap after GC invocations=13 (full 2):
 PSYoungGen      total 228352K, used 28181K [0x00000000f0000000, 0x0000000100000000, 0x0000000100000000)
  eden space 199680K, 0% used [0x00000000f0000000,0x00000000f0000000,0x00000000fc300000)
  from space 28672K, 98% used [0x00000000fc300000,0x00000000fde85660,0x00000000fdf00000)
  to   space 33792K, 0% used [0x00000000fdf00000,0x00000000fdf00000,0x0000000100000000)
 ParOldGen       total 524288K, used 48773K [0x00000000d0000000, 0x00000000f0000000, 0x00000000f0000000)
  object space 524288K, 9% used [0x00000000d0000000,0x00000000d2fa1430,0x00000000f0000000)
 Metaspace       used 42565K, capacity 43426K, committed 43560K, reserved 1087488K
  class space    used 4402K, capacity 4604K, committed 4656K, reserved 1048576K
}
Event: 66.367 GC heap before
{Heap before GC invocations=14 (full 2):
 PSYoungGen      total 228352K, used 227861K [0x00000000f0000000, 0x0000000100000000, 0x0000000100000000)
  eden space 199680K, 100% used [0x00000000f0000000,0x00000000fc300000,0x00000000fc300000)
  from space 28672K, 98% used [0x00000000fc300000,0x00000000fde85660,0x00000000fdf00000)
  to   space 33792K, 0% used [0x00000000fdf00000,0x00000000fdf00000,0x0000000100000000)
 ParOldGen       total 524288K, used 48773K [0x00000000d0000000, 0x00000000f0000000, 0x00000000f0000000)
  object space 524288K, 9% used [0x00000000d0000000,0x00000000d2fa1430,0x00000000f0000000)
 Metaspace       used 45475K, capacity 46442K, committed 46632K, reserved 1091584K
  class space    used 4812K, capacity 5046K, committed 5168K, reserved 1048576K
Event: 66.515 GC heap after
Heap after GC invocations=14 (full 2):
 PSYoungGen      total 217088K, used 33785K [0x00000000f0000000, 0x0000000100000000, 0x0000000100000000)
  eden space 183296K, 0% used [0x00000000f0000000,0x00000000f0000000,0x00000000fb300000)
  from space 33792K, 99% used [0x00000000fdf00000,0x00000000ffffe5c0,0x0000000100000000)
  to   space 39424K, 0% used [0x00000000fb300000,0x00000000fb300000,0x00000000fd980000)
 ParOldGen       total 524288K, used 49312K [0x00000000d0000000, 0x00000000f0000000, 0x00000000f0000000)
  object space 524288K, 9% used [0x00000000d0000000,0x00000000d3028380,0x00000000f0000000)
 Metaspace       used 45475K, capacity 46442K, committed 46632K, reserved 1091584K
  class space    used 4812K, capacity 5046K, committed 5168K, reserved 1048576K
}
Event: 72.827 GC heap before
{Heap before GC invocations=15 (full 2):
 PSYoungGen      total 217088K, used 217081K [0x00000000f0000000, 0x0000000100000000, 0x0000000100000000)
  eden space 183296K, 100% used [0x00000000f0000000,0x00000000fb300000,0x00000000fb300000)
  from space 33792K, 99% used [0x00000000fdf00000,0x00000000ffffe5c0,0x0000000100000000)
  to   space 39424K, 0% used [0x00000000fb300000,0x00000000fb300000,0x00000000fd980000)
 ParOldGen       total 524288K, used 49312K [0x00000000d0000000, 0x00000000f0000000, 0x00000000f0000000)
  object space 524288K, 9% used [0x00000000d0000000,0x00000000d3028380,0x00000000f0000000)
 Metaspace       used 48672K, capacity 49690K, committed 49960K, reserved 1093632K
  class space    used 5129K, capacity 5375K, committed 5424K, reserved 1048576K
Event: 72.996 GC heap after
Heap after GC invocations=15 (full 2):
 PSYoungGen      total 222720K, used 38965K [0x00000000f0000000, 0x0000000100000000, 0x0000000100000000)
  eden space 183296K, 0% used [0x00000000f0000000,0x00000000f0000000,0x00000000fb300000)
  from space 39424K, 98% used [0x00000000fb300000,0x00000000fd90d5a8,0x00000000fd980000)
  to   space 39424K, 0% used [0x00000000fd980000,0x00000000fd980000,0x0000000100000000)
 ParOldGen       total 524288K, used 49320K [0x00000000d0000000, 0x00000000f0000000, 0x00000000f0000000)
  object space 524288K, 9% used [0x00000000d0000000,0x00000000d302a380,0x00000000f0000000)
 Metaspace       used 48672K, capacity 49690K, committed 49960K, reserved 1093632K
  class space    used 5129K, capacity 5375K, committed 5424K, reserved 1048576K
}

Deoptimization events (0 events):
No events

Classes redefined (0 events):
No events

Internal exceptions (10 events):
Event: 77.077 Thread 0x00000000028ba000 Exception <a 'java/lang/ArrayIndexOutOfBoundsException'> (0x00000000fa8dd888) thrown at [C:\re\workspace\8-2-build-windows-amd64-cygwin\jdk8u161\10277\hotspot\src\share\vm\runtime\sharedRuntime.cpp, line 605]
Event: 77.077 Thread 0x00000000028ba000 Exception <a 'java/lang/ArrayIndexOutOfBoundsException'> (0x00000000fa8ec098) thrown at [C:\re\workspace\8-2-build-windows-amd64-cygwin\jdk8u161\10277\hotspot\src\share\vm\runtime\sharedRuntime.cpp, line 605]
Event: 77.077 Thread 0x00000000028ba000 Exception <a 'java/lang/ArrayIndexOutOfBoundsException'> (0x00000000fa8eff58) thrown at [C:\re\workspace\8-2-build-windows-amd64-cygwin\jdk8u161\10277\hotspot\src\share\vm\runtime\sharedRuntime.cpp, line 605]
Event: 77.078 Thread 0x00000000028ba000 Exception <a 'java/lang/ArrayIndexOutOfBoundsException'> (0x00000000fa8fa458) thrown at [C:\re\workspace\8-2-build-windows-amd64-cygwin\jdk8u161\10277\hotspot\src\share\vm\runtime\sharedRuntime.cpp, line 605]
Event: 77.078 Thread 0x00000000028ba000 Exception <a 'java/lang/ArrayIndexOutOfBoundsException'> (0x00000000fa903448) thrown at [C:\re\workspace\8-2-build-windows-amd64-cygwin\jdk8u161\10277\hotspot\src\share\vm\runtime\sharedRuntime.cpp, line 605]
Event: 77.078 Thread 0x00000000028ba000 Exception <a 'java/lang/ArrayIndexOutOfBoundsException'> (0x00000000fa909348) thrown at [C:\re\workspace\8-2-build-windows-amd64-cygwin\jdk8u161\10277\hotspot\src\share\vm\runtime\sharedRuntime.cpp, line 605]
Event: 77.281 Thread 0x00000000028ba000 Exception <a 'java/lang/reflect/InvocationTargetException'> (0x00000000fab388e0) thrown at [C:\re\workspace\8-2-build-windows-amd64-cygwin\jdk8u161\10277\hotspot\src\share\vm\runtime\reflection.cpp, line 1092]
Event: 77.306 Thread 0x00000000028ba000 Exception <a 'java/lang/ArrayIndexOutOfBoundsException'> (0x00000000fabba000) thrown at [C:\re\workspace\8-2-build-windows-amd64-cygwin\jdk8u161\10277\hotspot\src\share\vm\runtime\sharedRuntime.cpp, line 605]
Event: 77.306 Thread 0x00000000028ba000 Exception <a 'java/lang/ArrayIndexOutOfBoundsException'> (0x00000000fabbb618) thrown at [C:\re\workspace\8-2-build-windows-amd64-cygwin\jdk8u161\10277\hotspot\src\share\vm\runtime\sharedRuntime.cpp, line 605]
Event: 77.307 Thread 0x00000000028ba000 Exception <a 'java/lang/ArrayIndexOutOfBoundsException'> (0x00000000fabbcf40) thrown at [C:\re\workspace\8-2-build-windows-amd64-cygwin\jdk8u161\10277\hotspot\src\share\vm\runtime\sharedRuntime.cpp, line 605]

Events (10 events):
Event: 77.292 loading class sun/util/resources/TimeZoneNamesBundle done
Event: 77.292 loading class sun/util/resources/TimeZoneNames done
Event: 77.293 loading class sun/util/resources/en/TimeZoneNames_en
Event: 77.293 loading class sun/util/resources/en/TimeZoneNames_en done
Event: 77.299 loading class java/util/AbstractMap$1$1
Event: 77.299 loading class java/util/AbstractMap$1$1 done
Event: 77.300 loading class org/springframework/util/ConcurrentReferenceHashMap$EntrySet
Event: 77.300 loading class org/springframework/util/ConcurrentReferenceHashMap$EntrySet done
Event: 77.303 loading class org/springframework/util/ConcurrentReferenceHashMap$EntryIterator
Event: 77.303 loading class org/springframework/util/ConcurrentReferenceHashMap$EntryIterator done


Dynamic libraries:
0x00007ff791ed0000 - 0x00007ff791f07000 	C:\Program Files\Java\jdk1.8.0_161\bin\java.exe
0x00007ffadd750000 - 0x00007ffadd911000 	C:\Windows\SYSTEM32\ntdll.dll
0x00007ffadd6a0000 - 0x00007ffadd74d000 	C:\Windows\system32\KERNEL32.DLL
0x00007ffada7b0000 - 0x00007ffada998000 	C:\Windows\system32\KERNELBASE.dll
0x00007ffadacc0000 - 0x00007ffadad67000 	C:\Windows\system32\ADVAPI32.dll
0x00007ffadcae0000 - 0x00007ffadcb7d000 	C:\Windows\system32\msvcrt.dll
0x00007ffadcd80000 - 0x00007ffadcddb000 	C:\Windows\system32\sechost.dll
0x00007ffadcde0000 - 0x00007ffadcefd000 	C:\Windows\system32\RPCRT4.dll
0x00007ffadaff0000 - 0x00007ffadb146000 	C:\Windows\system32\USER32.dll
0x00007ffadd350000 - 0x00007ffadd4d7000 	C:\Windows\system32\GDI32.dll
0x00007ffacb120000 - 0x00007ffacb394000 	C:\Windows\WinSxS\amd64_microsoft.windows.common-controls_6595b64144ccf1df_6.0.10586.839_none_a2ddba30a539a2ae\COMCTL32.dll
0x00007ffadcfa0000 - 0x00007ffadd21e000 	C:\Windows\system32\combase.dll
0x00007ffada0f0000 - 0x00007ffada15a000 	C:\Windows\system32\bcryptPrimitives.dll
0x00007ffadcd40000 - 0x00007ffadcd7b000 	C:\Windows\system32\IMM32.DLL
0x000000006ffb0000 - 0x0000000070082000 	C:\Program Files\Java\jdk1.8.0_161\jre\bin\msvcr100.dll
0x000000006f710000 - 0x000000006ffaf000 	C:\Program Files\Java\jdk1.8.0_161\jre\bin\server\jvm.dll
0x00007ffadd690000 - 0x00007ffadd698000 	C:\Windows\system32\PSAPI.DLL
0x00007ffad6130000 - 0x00007ffad6139000 	C:\Windows\SYSTEM32\WSOCK32.dll
0x00007ffadcf10000 - 0x00007ffadcf7b000 	C:\Windows\system32\WS2_32.dll
0x00007ffad7cb0000 - 0x00007ffad7cd3000 	C:\Windows\SYSTEM32\WINMM.dll
0x00007ffad56b0000 - 0x00007ffad56ba000 	C:\Windows\SYSTEM32\VERSION.dll
0x00007ffad7c50000 - 0x00007ffad7c7c000 	C:\Windows\SYSTEM32\WINMMBASE.dll
0x00007ffad9ed0000 - 0x00007ffad9f13000 	C:\Windows\system32\cfgmgr32.dll
0x000000006f700000 - 0x000000006f70f000 	C:\Program Files\Java\jdk1.8.0_161\jre\bin\verify.dll
0x000000006f6d0000 - 0x000000006f6f9000 	C:\Program Files\Java\jdk1.8.0_161\jre\bin\java.dll
0x000000006f630000 - 0x000000006f653000 	C:\Program Files\Java\jdk1.8.0_161\jre\bin\instrument.dll
0x000000006f6b0000 - 0x000000006f6c6000 	C:\Program Files\Java\jdk1.8.0_161\jre\bin\zip.dll
0x00007ffadb580000 - 0x00007ffadcadc000 	C:\Windows\system32\SHELL32.dll
0x00007ffada160000 - 0x00007ffada7a5000 	C:\Windows\system32\windows.storage.dll
0x00007ffadd220000 - 0x00007ffadd272000 	C:\Windows\system32\shlwapi.dll
0x00007ffad9df0000 - 0x00007ffad9dff000 	C:\Windows\system32\kernel.appcore.dll
0x00007ffadaa90000 - 0x00007ffadab45000 	C:\Windows\system32\shcore.dll
0x00007ffad9d70000 - 0x00007ffad9dbb000 	C:\Windows\system32\powrprof.dll
0x00007ffad9dc0000 - 0x00007ffad9dd4000 	C:\Windows\system32\profapi.dll
0x000000006f690000 - 0x000000006f6aa000 	C:\Program Files\Java\jdk1.8.0_161\jre\bin\net.dll
0x00007ffad9640000 - 0x00007ffad969c000 	C:\Windows\system32\mswsock.dll
0x00007fface9c0000 - 0x00007fface9d6000 	C:\Windows\system32\napinsp.dll
0x00007fface9e0000 - 0x00007fface9fa000 	C:\Windows\system32\pnrpnsp.dll
0x00007ffad7e40000 - 0x00007ffad7e58000 	C:\Windows\system32\NLAapi.dll
0x00007ffad87b0000 - 0x00007ffad885a000 	C:\Windows\SYSTEM32\DNSAPI.dll
0x00007ffadcf00000 - 0x00007ffadcf08000 	C:\Windows\system32\NSI.dll
0x00007ffacee30000 - 0x00007ffacee3d000 	C:\Windows\System32\winrnr.dll
0x00007ffad0880000 - 0x00007ffad088a000 	C:\Windows\System32\rasadhlp.dll
0x00007ffad66c0000 - 0x00007ffad66f8000 	C:\Windows\SYSTEM32\IPHLPAPI.DLL
0x00007ffad5a00000 - 0x00007ffad5a67000 	C:\Windows\System32\fwpuclnt.dll
0x00007ffad9ca0000 - 0x00007ffad9cc9000 	C:\Windows\SYSTEM32\bcrypt.dll
0x000000006f660000 - 0x000000006f66d000 	C:\Program Files\Java\jdk1.8.0_161\jre\bin\management.dll
0x000000006f670000 - 0x000000006f681000 	C:\Program Files\Java\jdk1.8.0_161\jre\bin\nio.dll
0x00007ffad7590000 - 0x00007ffad771c000 	C:\Windows\SYSTEM32\dbghelp.dll

VM Arguments:
jvm_args: -Dendpoints.shutdown.enabled=true -Denv=development -Dfull.stacktrace=false -Dgrails.env=development -Dgrails.full.stacktrace=false -Dinfo.app.grailsVersion=3.3.8 -Dinfo.app.name=sverse-web -Dinfo.app.version=0.1 -Djdk.reflect.allowGetCallerClass=true -Drun.active=true -Dspring.output.ansi.enabled=always -Dspringloaded=inclusions=grails.plugins..*;synchronize=true;allowSplitPackages=true;cacheDir=C:\Users\Pereira\sverse-web\build\springloaded -Dverbose=false -XX:+TieredCompilation -XX:TieredStopAtLevel=1 -XX:CICompilerCount=3 -javaagent:C:\Users\Pereira\.gradle\caches\modules-2\files-2.1\org.springframework\springloaded\1.2.8.RELEASE\b60bac05b0451cdc1863bfec617f39aa0dcaaa43\springloaded-1.2.8.RELEASE.jar -Xverify:none -Xms768m -Xmx768m -Dfile.encoding=UTF-8 -Duser.country=BR -Duser.language=pt -Duser.variant 
java_command: sverseweb.Application
java_class_path (initial): C:\Users\Pereira\sverse-web\src\main\resources;C:\Users\Pereira\sverse-web\grails-app\views;C:\Users\Pereira\sverse-web\grails-app\i18n;C:\Users\Pereira\sverse-web\grails-app\conf;C:\Users\Pereira\sverse-web\build\classes\main;C:\Users\Pereira\sverse-web\build\resources\main;C:\Users\Pereira\sverse-web\gsp-classes;C:\Users\Pereira\.gradle\caches\modules-2\files-2.1\org.springframework.boot\spring-boot-starter-logging\1.5.15.RELEASE\3a0d1b63705bb75ac54884c6c169b1e1908f1375\spring-boot-starter-logging-1.5.15.RELEASE.jar;C:\Users\Pereira\.gradle\caches\modules-2\files-2.1\org.springframework.boot\spring-boot-autoconfigure\1.5.15.RELEASE\9cb093e335fc58e61581edcb959813b62731ef8e\spring-boot-autoconfigure-1.5.15.RELEASE.jar;C:\Users\Pereira\.gradle\caches\modules-2\files-2.1\org.grails\grails-core\3.3.8\d535a1f07ed1a1ce388bc18c8b63a3f3abd1aeee\grails-core-3.3.8.jar;C:\Users\Pereira\.gradle\caches\modules-2\files-2.1\org.springframework.boot\spring-boot-starter-actuator\1.5.15.RELEASE\2f2e793c6c4592d99e58cf0668d1fcf2a84247f2\spring-boot-starter-actuator-1.5.15.RELEASE.jar;C:\Users\Pereira\.gradle\caches\modules-2\files-2.1\org.grails\grails-web-boot\3.3.8\173becb00d5a1d7cb1f1a44533d9ca8efd9843a\grails-web-boot-3.3.8.jar;C:\Users\Pereira\.gradle\caches\modules-2\files-2.1\org.grails\grails-logging\3.3.8\2c8647c42d85b7708d239ba3b2c2b422514f4fe9\grails-logging-3.3.8.jar;C:\Users\Pereira\.gradle\caches\modules-2\files-2.1\org.grails\grails-plugin-rest\3.3.8\8c6bc7985e3941e60336443e9f833b29ec573451\grails-plugin-rest-3.3.8.jar;C:\Users\Pereira\.gradle\caches\modules-2\files-2.1\org.grails\grails-plugin-databinding\3.3.8\5dfc9e914c81c413ebf432e1c5459794ce673291\grails-plugin-databinding-3.3.8.jar;C:\Users\Pereira\.gradle\caches\modules-2\files-2.1\org.grails\grails-plugin-i18n\3.3.8\a01c648c61520a89dcbe57b57656ed8d98995852\grails-plugin-i18n-3.3.8.jar;C:\Users\Pereira\.gradle\caches\modules-2\files-2.1\org.grails\grails-plugin-services\3.3.8\3cb9c7df
Launcher Type: SUN_STANDARD

Environment Variables:
JAVA_HOME=C:\Program Files\Java\jdk1.8.0_161
PATH=C:\ProgramData\Oracle\Java\javapath;C:\Windows\system32;C:\Windows;C:\Windows\System32\Wbem;C:\Windows\System32\WindowsPowerShell\v1.0\;C:\Program Files (x86)\ATI Technologies\ATI.ACE\Core-Static;C:\Program Files\Java\jdk1.8.0_161\bin;C:\Program Files (x86)\grails-3.3.8\bin;C:\Program Files (x86)\apache-groovy-sdk-2.5.3\bin;C:\Program Files (x86)\Git\cmd
USERNAME=Pereira
OS=Windows_NT
PROCESSOR_IDENTIFIER=AMD64 Family 20 Model 2 Stepping 0, AuthenticAMD



---------------  S Y S T E M  ---------------

OS: Windows 10.0 , 64 bit Build 10586 (10.0.10586.589)

CPU:total 2 (initial active 2) (2 cores per cpu, 1 threads per core) family 20 model 2 stepping 0, cmov, cx8, fxsr, mmx, sse, sse2, sse3, ssse3, popcnt, mmxext, lzcnt, sse4a, tsc, tscinvbit, tscinv

Memory: 4k page, physical 3780600k(382600k free), swap 7491704k(910108k free)

vm_info: Java HotSpot(TM) 64-Bit Server VM (25.161-b12) for windows-amd64 JRE (1.8.0_161-b12), built on Dec 19 2017 17:52:25 by "java_re" with MS VC++ 10.0 (VS2010)

time: Thu Feb 14 21:10:30 2019
elapsed time: 77 seconds (0d 0h 1m 17s)

