#
# A fatal error has been detected by the Java Runtime Environment:
#
#  EXCEPTION_ACCESS_VIOLATION (0xc0000005) at pc=0x02643c8c, pid=2080, tid=0x000008fc
#
# JRE version: Java(TM) SE Runtime Environment (8.0_191-b12) (build 1.8.0_191-b12)
# Java VM: Java HotSpot(TM) Client VM (25.191-b12 mixed mode windows-x86 )
# Problematic frame:
# j  org.springframework.boot.SpringApplication.getExitCodeFromExitCodeGeneratorException(Ljava/lang/Throwable;)I+0
#
# Failed to write core dump. Minidumps are not enabled by default on client versions of Windows
#
# If you would like to submit a bug report, please visit:
#   http://bugreport.java.com/bugreport/crash.jsp
#

---------------  T H R E A D  ---------------

Current thread (0x022d4c00):  JavaThread "main" [_thread_in_Java, id=2300, stack(0x009b0000,0x00a00000)]

siginfo: ExceptionCode=0xc0000005, reading address 0xcccccccc

Registers:
EAX=0x369a7e18, EBX=0x0000039f, ECX=0x00000010, EDX=0x7662c710
ESP=0x009ff148, EBP=0x009ff16c, ESI=0x369a4217, EDI=0xcccccccc
EIP=0x02643c8c, EFLAGS=0x00010246

Top of Stack: (sp=0x009ff148)
0x009ff148:   009ff178 009ff14c 369a4210 009ff178
0x009ff158:   369a5c10 00000000 369a4258 00000000
0x009ff168:   009ff174 009ff19c 026344f0 009fdaac
0x009ff178:   14b61728 009ff17c 369a422c 009ff1a8
0x009ff188:   369a5c10 00000000 369a4258 009ff174
0x009ff198:   009ff1a4 009ff1cc 026344f0 0f661ac8
0x009ff1a8:   14b61728 009ff1ac 369a422c 009ff1d8
0x009ff1b8:   369a5c10 00000000 369a4258 009ff1a4 

Instructions: (pc=0x02643c8c)
0x02643c6c:   d0 0f 84 31 00 00 00 8b 48 08 3b 04 0a 0f 84 25
0x02643c7c:   00 00 00 83 f9 10 0f 85 18 00 00 00 57 8b 7a 14
0x02643c8c:   8b 0f 83 c7 04 85 c0 f2 af 5f 75 08 89 42 10 e9
0x02643c9c:   04 00 00 00 33 c0 eb 05 b8 01 00 00 00 0f b6 5e 


Register to memory mapping:

EAX=0x369a7e18 is pointing into metadata
EBX=0x0000039f is an unknown value
ECX=0x00000010 is an unknown value
EDX=0x7662c710 is an unknown value
ESP=0x009ff148 is pointing into the stack for thread: 0x022d4c00
EBP=0x009ff16c is pointing into the stack for thread: 0x022d4c00
ESI=0x369a4217 is pointing into metadata
EDI=0xcccccccc is an unknown value


Stack: [0x009b0000,0x00a00000],  sp=0x009ff148,  free space=316k
Native frames: (J=compiled Java code, j=interpreted, Vv=VM code, C=native code)
j  org.springframework.boot.SpringApplication.getExitCodeFromExitCodeGeneratorException(Ljava/lang/Throwable;)I+0
j  org.springframework.boot.SpringApplication.getExitCodeFromExitCodeGeneratorException(Ljava/lang/Throwable;)I+28
j  org.springframework.boot.SpringApplication.getExitCodeFromExitCodeGeneratorException(Ljava/lang/Throwable;)I+28
j  org.springframework.boot.SpringApplication.getExitCodeFromExitCodeGeneratorException(Ljava/lang/Throwable;)I+28
j  org.springframework.boot.SpringApplication.getExitCodeFromExitCodeGeneratorException(Ljava/lang/Throwable;)I+28
j  org.springframework.boot.SpringApplication.getExitCodeFromException(Lorg/springframework/context/ConfigurableApplicationContext;Ljava/lang/Throwable;)I+13
j  org.springframework.boot.SpringApplication.handleExitCode(Lorg/springframework/context/ConfigurableApplicationContext;Ljava/lang/Throwable;)V+3
j  org.springframework.boot.SpringApplication.handleRunFailure(Lorg/springframework/context/ConfigurableApplicationContext;Lorg/springframework/boot/SpringApplicationRunListeners;Lorg/springframework/boot/diagnostics/FailureAnalyzers;Ljava/lang/Throwable;)V+4
j  org.springframework.boot.SpringApplication.run([Ljava/lang/String;)Lorg/springframework/context/ConfigurableApplicationContext;+150
j  grails.boot.GrailsApp.run([Ljava/lang/String;)Lorg/springframework/context/ConfigurableApplicationContext;+2
j  grails.boot.GrailsApp.run([Ljava/lang/Object;[Ljava/lang/String;)Lorg/springframework/context/ConfigurableApplicationContext;+43
j  grails.boot.GrailsApp.run(Ljava/lang/Object;[Ljava/lang/String;)Lorg/springframework/context/ConfigurableApplicationContext;+9
j  grails.boot.GrailsApp$run.call(Ljava/lang/Object;[Ljava/lang/Object;)Ljava/lang/Object;+18
j  org.codehaus.groovy.runtime.callsite.CallSiteArray.defaultCall(Lorg/codehaus/groovy/runtime/callsite/CallSite;Ljava/lang/Object;[Ljava/lang/Object;)Ljava/lang/Object;+8
j  org.codehaus.groovy.runtime.callsite.AbstractCallSite.call(Ljava/lang/Object;[Ljava/lang/Object;)Ljava/lang/Object;+3
j  org.codehaus.groovy.runtime.callsite.AbstractCallSite.call(Ljava/lang/Object;Ljava/lang/Object;Ljava/lang/Object;)Ljava/lang/Object;+38
j  sverseweb.Application.main([Ljava/lang/String;)V+57
v  ~StubRoutines::call_stub
V  [jvm.dll+0x15c315]
V  [jvm.dll+0x223ece]
V  [jvm.dll+0x15c3ae]
V  [jvm.dll+0xddb27]
V  [jvm.dll+0xe60bf]
C  [java.exe+0x2363]
C  [java.exe+0xb03f]
C  [java.exe+0xb0c9]
C  [KERNEL32.DLL+0x138f4]
C  [ntdll.dll+0x65de3]
C  [ntdll.dll+0x65dae]
C  0x00000000


---------------  P R O C E S S  ---------------

Java Threads: ( => current thread )
  0x37c28400 JavaThread "Abandoned connection cleanup thread" daemon [_thread_blocked, id=544, stack(0x005d0000,0x00620000)]
  0x37a41400 JavaThread "Tomcat JDBC Pool Cleaner[11840194:1550095405495]" daemon [_thread_blocked, id=2768, stack(0x00540000,0x00590000)]
  0x3571e000 JavaThread "FileSystemWatcher: files=#105 cl=sun.misc.Launcher$AppClassLoader@b4aac2" daemon [_thread_blocked, id=5304, stack(0x35fd0000,0x36020000)]
  0x354be400 JavaThread "Service Thread" daemon [_thread_blocked, id=1724, stack(0x35eb0000,0x35f00000)]
  0x355db400 JavaThread "C1 CompilerThread2" daemon [_thread_blocked, id=5672, stack(0x35e20000,0x35e70000)]
  0x355de400 JavaThread "C1 CompilerThread1" daemon [_thread_blocked, id=4932, stack(0x35d90000,0x35de0000)]
  0x355fbc00 JavaThread "C1 CompilerThread0" daemon [_thread_blocked, id=2988, stack(0x35d00000,0x35d50000)]
  0x34db6400 JavaThread "Attach Listener" daemon [_thread_blocked, id=4492, stack(0x35070000,0x350c0000)]
  0x34db5400 JavaThread "Signal Dispatcher" daemon [_thread_blocked, id=3240, stack(0x025b0000,0x02600000)]
  0x34d93800 JavaThread "Finalizer" daemon [_thread_blocked, id=4864, stack(0x02560000,0x025b0000)]
  0x34d91400 JavaThread "Reference Handler" daemon [_thread_blocked, id=8052, stack(0x02260000,0x022b0000)]
=>0x022d4c00 JavaThread "main" [_thread_in_Java, id=2300, stack(0x009b0000,0x00a00000)]

Other Threads:
  0x34d7bc00 VMThread [stack: 0x00ba0000,0x00bf0000] [id=7252]
  0x3561c800 WatcherThread [stack: 0x35f40000,0x35f90000] [id=5020]

VM state:not at safepoint (normal execution)

VM Mutex/Monitor currently owned by a thread: None

Heap:
 def new generation   total 235968K, used 191929K [0x04800000, 0x14800000, 0x14800000)
  eden space 209792K,  85% used [0x04800000, 0x0f78f398, 0x114e0000)
  from space 26176K,  46% used [0x114e0000, 0x120bf160, 0x12e70000)
  to   space 26176K,   0% used [0x12e70000, 0x12e70000, 0x14800000)
 tenured generation   total 524288K, used 70006K [0x14800000, 0x34800000, 0x34800000)
   the space 524288K,  13% used [0x14800000, 0x18c5da20, 0x18c5dc00, 0x34800000)
 Metaspace       used 33514K, capacity 33932K, committed 34048K, reserved 34176K

Card table byte_map: [0x04630000,0x047c0000] byte_map_base: 0x0460c000

Polling page: 0x00a90000

CodeCache: size=32768Kb used=6641Kb max_used=6641Kb free=26126Kb
 bounds [0x02630000, 0x02cb0000, 0x04630000]
 total_blobs=2839 nmethods=2405 adapters=361
 compilation: enabled

Compilation events (10 events):
Event: 97.958 Thread 0x355db400 2451             java.util.LinkedList::addFirst (6 bytes)
Event: 97.959 Thread 0x355db400 nmethod 2451 0x02cab9c8 code [0x02cabac0, 0x02cabb4c]
Event: 97.959 Thread 0x355fbc00 2452             org.springframework.core.convert.support.GenericConversionService$Converters::add (79 bytes)
Event: 97.960 Thread 0x355fbc00 nmethod 2452 0x02cabbc8 code [0x02cabd40, 0x02cabfa0]
Event: 98.987 Thread 0x355db400 2453             java.beans.FeatureDescriptor::<init> (137 bytes)
Event: 98.990 Thread 0x355db400 nmethod 2453 0x02cac248 code [0x02cac3a0, 0x02cac9c0]
Event: 99.549 Thread 0x355de400 2454             org.codehaus.groovy.reflection.stdclasses.ObjectCachedClass::isAssignableFrom (2 bytes)
Event: 99.549 Thread 0x355de400 nmethod 2454 0x02caccc8 code [0x02cacdc0, 0x02cace40]
Event: 99.559 Thread 0x355fbc00 2455             org.springsource.loaded.Utils::getParameterCount (88 bytes)
Event: 99.561 Thread 0x355fbc00 nmethod 2455 0x02cace88 code [0x02cacfe0, 0x02cad25c]

GC Heap History (10 events):
Event: 69.207 GC heap before
{Heap before GC invocations=7 (full 2):
 def new generation   total 235968K, used 223207K [0x04800000, 0x14800000, 0x14800000)
  eden space 209792K,  98% used [0x04800000, 0x11119fb0, 0x114e0000)
  from space 26176K,  66% used [0x12e70000, 0x13f4feb0, 0x14800000)
  to   space 26176K,   0% used [0x114e0000, 0x114e0000, 0x12e70000)
 tenured generation   total 524288K, used 25377K [0x14800000, 0x34800000, 0x34800000)
   the space 524288K,   4% used [0x14800000, 0x160c8730, 0x160c8800, 0x34800000)
 Metaspace       used 26883K, capacity 27223K, committed 27264K, reserved 28032K
Event: 69.383 GC heap after
Heap after GC invocations=8 (full 2):
 def new generation   total 235968K, used 9699K [0x04800000, 0x14800000, 0x14800000)
  eden space 209792K,   0% used [0x04800000, 0x04800000, 0x114e0000)
  from space 26176K,  37% used [0x114e0000, 0x11e58c68, 0x12e70000)
  to   space 26176K,   0% used [0x12e70000, 0x12e70000, 0x14800000)
 tenured generation   total 524288K, used 41689K [0x14800000, 0x34800000, 0x34800000)
   the space 524288K,   7% used [0x14800000, 0x170b6400, 0x170b6400, 0x34800000)
 Metaspace       used 26883K, capacity 27223K, committed 27264K, reserved 28032K
}
Event: 72.560 GC heap before
{Heap before GC invocations=8 (full 2):
 def new generation   total 235968K, used 213252K [0x04800000, 0x14800000, 0x14800000)
  eden space 209792K,  97% used [0x04800000, 0x10ec84d0, 0x114e0000)
  from space 26176K,  37% used [0x114e0000, 0x11e58c68, 0x12e70000)
  to   space 26176K,   0% used [0x12e70000, 0x12e70000, 0x14800000)
 tenured generation   total 524288K, used 41689K [0x14800000, 0x34800000, 0x34800000)
   the space 524288K,   7% used [0x14800000, 0x170b6400, 0x170b6400, 0x34800000)
 Metaspace       used 27118K, capacity 27435K, committed 27520K, reserved 28032K
Event: 72.784 GC heap after
Heap after GC invocations=9 (full 2):
 def new generation   total 235968K, used 22089K [0x04800000, 0x14800000, 0x14800000)
  eden space 209792K,   0% used [0x04800000, 0x04800000, 0x114e0000)
  from space 26176K,  84% used [0x12e70000, 0x14402798, 0x14800000)
  to   space 26176K,   0% used [0x114e0000, 0x114e0000, 0x12e70000)
 tenured generation   total 524288K, used 41689K [0x14800000, 0x34800000, 0x34800000)
   the space 524288K,   7% used [0x14800000, 0x170b6400, 0x170b6400, 0x34800000)
 Metaspace       used 27118K, capacity 27435K, committed 27520K, reserved 28032K
}
Event: 83.765 GC heap before
{Heap before GC invocations=9 (full 2):
 def new generation   total 235968K, used 231881K [0x04800000, 0x14800000, 0x14800000)
  eden space 209792K, 100% used [0x04800000, 0x114e0000, 0x114e0000)
  from space 26176K,  84% used [0x12e70000, 0x14402798, 0x14800000)
  to   space 26176K,   0% used [0x114e0000, 0x114e0000, 0x12e70000)
 tenured generation   total 524288K, used 41689K [0x14800000, 0x34800000, 0x34800000)
   the space 524288K,   7% used [0x14800000, 0x170b6400, 0x170b6400, 0x34800000)
 Metaspace       used 28550K, capacity 28896K, committed 28928K, reserved 29056K
Event: 84.018 GC heap after
Heap after GC invocations=10 (full 2):
 def new generation   total 235968K, used 8251K [0x04800000, 0x14800000, 0x14800000)
  eden space 209792K,   0% used [0x04800000, 0x04800000, 0x114e0000)
  from space 26176K,  31% used [0x114e0000, 0x11ceefc0, 0x12e70000)
  to   space 26176K,   0% used [0x12e70000, 0x12e70000, 0x14800000)
 tenured generation   total 524288K, used 63698K [0x14800000, 0x34800000, 0x34800000)
   the space 524288K,  12% used [0x14800000, 0x186349e8, 0x18634a00, 0x34800000)
 Metaspace       used 28550K, capacity 28896K, committed 28928K, reserved 29056K
}
Event: 90.453 GC heap before
{Heap before GC invocations=10 (full 2):
 def new generation   total 235968K, used 218043K [0x04800000, 0x14800000, 0x14800000)
  eden space 209792K, 100% used [0x04800000, 0x114e0000, 0x114e0000)
  from space 26176K,  31% used [0x114e0000, 0x11ceefc0, 0x12e70000)
  to   space 26176K,   0% used [0x12e70000, 0x12e70000, 0x14800000)
 tenured generation   total 524288K, used 63698K [0x14800000, 0x34800000, 0x34800000)
   the space 524288K,  12% used [0x14800000, 0x186349e8, 0x18634a00, 0x34800000)
 Metaspace       used 30199K, capacity 30552K, committed 30592K, reserved 31104K
Event: 90.567 GC heap after
Heap after GC invocations=11 (full 2):
 def new generation   total 235968K, used 13169K [0x04800000, 0x14800000, 0x14800000)
  eden space 209792K,   0% used [0x04800000, 0x04800000, 0x114e0000)
  from space 26176K,  50% used [0x12e70000, 0x13b4c7d0, 0x14800000)
  to   space 26176K,   0% used [0x114e0000, 0x114e0000, 0x12e70000)
 tenured generation   total 524288K, used 63698K [0x14800000, 0x34800000, 0x34800000)
   the space 524288K,  12% used [0x14800000, 0x186349e8, 0x18634a00, 0x34800000)
 Metaspace       used 30199K, capacity 30552K, committed 30592K, reserved 31104K
}
Event: 96.546 GC heap before
{Heap before GC invocations=11 (full 2):
 def new generation   total 235968K, used 222961K [0x04800000, 0x14800000, 0x14800000)
  eden space 209792K, 100% used [0x04800000, 0x114e0000, 0x114e0000)
  from space 26176K,  50% used [0x12e70000, 0x13b4c7d0, 0x14800000)
  to   space 26176K,   0% used [0x114e0000, 0x114e0000, 0x12e70000)
 tenured generation   total 524288K, used 63698K [0x14800000, 0x34800000, 0x34800000)
   the space 524288K,  12% used [0x14800000, 0x186349e8, 0x18634a00, 0x34800000)
 Metaspace       used 31788K, capacity 32189K, committed 32256K, reserved 33152K
Event: 96.717 GC heap after
Heap after GC invocations=12 (full 2):
 def new generation   total 235968K, used 12156K [0x04800000, 0x14800000, 0x14800000)
  eden space 209792K,   0% used [0x04800000, 0x04800000, 0x114e0000)
  from space 26176K,  46% used [0x114e0000, 0x120bf160, 0x12e70000)
  to   space 26176K,   0% used [0x12e70000, 0x12e70000, 0x14800000)
 tenured generation   total 524288K, used 70006K [0x14800000, 0x34800000, 0x34800000)
   the space 524288K,  13% used [0x14800000, 0x18c5da20, 0x18c5dc00, 0x34800000)
 Metaspace       used 31788K, capacity 32189K, committed 32256K, reserved 33152K
}

Deoptimization events (0 events):
No events

Classes redefined (0 events):
No events

Internal exceptions (10 events):
Event: 99.485 Thread 0x022d4c00 Exception <a 'java/lang/ClassNotFoundException': org/grails/orm/hibernate/cfg/JoinTableBeanInfo> (0x0f289b40) thrown at [C:\workspace\8-2-build-windows-i586-cygwin\jdk8u191\11896\hotspot\src\share\vm\classfile\systemDictionary.cpp, line 210]
Event: 99.489 Thread 0x022d4c00 Exception <a 'java/lang/ClassNotFoundException': org/grails/orm/hibernate/cfg/JoinTableCustomizer> (0x0f2ae110) thrown at [C:\workspace\8-2-build-windows-i586-cygwin\jdk8u191\11896\hotspot\src\share\vm\classfile\systemDictionary.cpp, line 210]
Event: 99.540 Thread 0x022d4c00 Exception <a 'java/lang/ClassNotFoundException': org/grails/orm/hibernate/cfg/ColumnConfigBeanInfo> (0x0f47ccd0) thrown at [C:\workspace\8-2-build-windows-i586-cygwin\jdk8u191\11896\hotspot\src\share\vm\classfile\systemDictionary.cpp, line 210]
Event: 99.544 Thread 0x022d4c00 Exception <a 'java/lang/ClassNotFoundException': org/grails/orm/hibernate/cfg/ColumnConfigCustomizer> (0x0f4a2788) thrown at [C:\workspace\8-2-build-windows-i586-cygwin\jdk8u191\11896\hotspot\src\share\vm\classfile\systemDictionary.cpp, line 210]
Event: 99.574 Thread 0x022d4c00 Exception <a 'java/lang/ClassNotFoundException': org/grails/plugins/web/controllers/api/ControllersDomainBindingApiBeanInfo> (0x0f5a21f8) thrown at [C:\workspace\8-2-build-windows-i586-cygwin\jdk8u191\11896\hotspot\src\share\vm\classfile\systemDictionary.
Event: 99.578 Thread 0x022d4c00 Exception <a 'java/lang/ClassNotFoundException': org/grails/plugins/web/controllers/api/ControllersDomainBindingApiCustomizer> (0x0f5d37e0) thrown at [C:\workspace\8-2-build-windows-i586-cygwin\jdk8u191\11896\hotspot\src\share\vm\classfile\systemDictionar
Event: 99.586 Thread 0x022d4c00 Exception <a 'java/lang/ClassNotFoundException': org/grails/plugins/converters/api/ConvertersApiBeanInfo> (0x0f61bfd8) thrown at [C:\workspace\8-2-build-windows-i586-cygwin\jdk8u191\11896\hotspot\src\share\vm\classfile\systemDictionary.cpp, line 210]
Event: 99.590 Thread 0x022d4c00 Exception <a 'java/lang/ClassNotFoundException': org/grails/plugins/converters/api/ConvertersApiCustomizer> (0x0f644e38) thrown at [C:\workspace\8-2-build-windows-i586-cygwin\jdk8u191\11896\hotspot\src\share\vm\classfile\systemDictionary.cpp, line 210]
Event: 99.590 Thread 0x022d4c00 Exception <a 'java/lang/ArrayIndexOutOfBoundsException'> (0x0f646ee8) thrown at [C:\workspace\8-2-build-windows-i586-cygwin\jdk8u191\11896\hotspot\src\share\vm\runtime\sharedRuntime.cpp, line 605]
Event: 99.593 Thread 0x022d4c00 Exception <a 'java/lang/reflect/InvocationTargetException'> (0x0f64e298) thrown at [C:\workspace\8-2-build-windows-i586-cygwin\jdk8u191\11896\hotspot\src\share\vm\runtime\reflection.cpp, line 1092]

Events (10 events):
Event: 99.603 loading class sun/util/resources/TimeZoneNamesBundle done
Event: 99.603 loading class sun/util/resources/TimeZoneNames done
Event: 99.604 loading class sun/util/resources/en/TimeZoneNames_en
Event: 99.604 loading class sun/util/resources/en/TimeZoneNames_en done
Event: 99.612 loading class java/util/AbstractMap$1$1
Event: 99.623 loading class java/util/AbstractMap$1$1 done
Event: 99.624 loading class org/springframework/util/ConcurrentReferenceHashMap$EntrySet
Event: 99.624 loading class org/springframework/util/ConcurrentReferenceHashMap$EntrySet done
Event: 99.626 loading class org/springframework/util/ConcurrentReferenceHashMap$EntryIterator
Event: 99.627 loading class org/springframework/util/ConcurrentReferenceHashMap$EntryIterator done


Dynamic libraries:
0x00a20000 - 0x00a53000 	C:\Program Files (x86)\Java\jdk1.8.0_191\bin\java.exe
0x77b80000 - 0x77cfb000 	C:\Windows\SYSTEM32\ntdll.dll
0x75da0000 - 0x75e80000 	C:\Windows\SYSTEM32\KERNEL32.DLL
0x76570000 - 0x766ee000 	C:\Windows\SYSTEM32\KERNELBASE.dll
0x74800000 - 0x74892000 	C:\Windows\system32\apphelp.dll
0x75310000 - 0x7538b000 	C:\Windows\SYSTEM32\ADVAPI32.dll
0x758d0000 - 0x7598e000 	C:\Windows\SYSTEM32\msvcrt.dll
0x75c00000 - 0x75c44000 	C:\Windows\SYSTEM32\sechost.dll
0x759d0000 - 0x75a7d000 	C:\Windows\SYSTEM32\RPCRT4.dll
0x748b0000 - 0x748ce000 	C:\Windows\SYSTEM32\SspiCli.dll
0x748a0000 - 0x748aa000 	C:\Windows\SYSTEM32\CRYPTBASE.dll
0x74930000 - 0x74988000 	C:\Windows\SYSTEM32\bcryptPrimitives.dll
0x749a0000 - 0x74ae7000 	C:\Windows\SYSTEM32\USER32.dll
0x75c50000 - 0x75d9f000 	C:\Windows\SYSTEM32\GDI32.dll
0x73930000 - 0x73b3f000 	C:\Windows\WinSxS\x86_microsoft.windows.common-controls_6595b64144ccf1df_6.0.10586.0_none_d3c2e4e965da4528\COMCTL32.dll
0x74cb0000 - 0x74e6d000 	C:\Windows\SYSTEM32\combase.dll
0x75290000 - 0x752bb000 	C:\Windows\SYSTEM32\IMM32.DLL
0x6c5e0000 - 0x6c69f000 	C:\Program Files (x86)\Java\jdk1.8.0_191\jre\bin\msvcr100.dll
0x6ab30000 - 0x6af03000 	C:\Program Files (x86)\Java\jdk1.8.0_191\jre\bin\client\jvm.dll
0x766f0000 - 0x766f6000 	C:\Windows\SYSTEM32\PSAPI.DLL
0x719e0000 - 0x719e8000 	C:\Windows\SYSTEM32\WSOCK32.dll
0x76700000 - 0x7675f000 	C:\Windows\SYSTEM32\WS2_32.dll
0x70830000 - 0x70854000 	C:\Windows\SYSTEM32\WINMM.dll
0x73860000 - 0x73868000 	C:\Windows\SYSTEM32\VERSION.dll
0x706f0000 - 0x70713000 	C:\Windows\SYSTEM32\WINMMBASE.dll
0x75990000 - 0x759c7000 	C:\Windows\SYSTEM32\cfgmgr32.dll
0x73b40000 - 0x73b4c000 	C:\Program Files (x86)\Java\jdk1.8.0_191\jre\bin\verify.dll
0x6c5b0000 - 0x6c5d2000 	C:\Program Files (x86)\Java\jdk1.8.0_191\jre\bin\java.dll
0x6c4f0000 - 0x6c510000 	C:\Program Files (x86)\Java\jdk1.8.0_191\jre\bin\instrument.dll
0x6c590000 - 0x6c5a4000 	C:\Program Files (x86)\Java\jdk1.8.0_191\jre\bin\zip.dll
0x76780000 - 0x77b7e000 	C:\Windows\SYSTEM32\SHELL32.dll
0x75ed0000 - 0x763ca000 	C:\Windows\SYSTEM32\windows.storage.dll
0x752c0000 - 0x75305000 	C:\Windows\SYSTEM32\shlwapi.dll
0x763f0000 - 0x763fc000 	C:\Windows\SYSTEM32\kernel.appcore.dll
0x75490000 - 0x7551d000 	C:\Windows\SYSTEM32\shcore.dll
0x75e80000 - 0x75ec4000 	C:\Windows\SYSTEM32\powrprof.dll
0x76400000 - 0x7640f000 	C:\Windows\SYSTEM32\profapi.dll
0x6c570000 - 0x6c585000 	C:\Program Files (x86)\Java\jdk1.8.0_191\jre\bin\net.dll
0x706a0000 - 0x706ef000 	C:\Windows\system32\mswsock.dll
0x6c4d0000 - 0x6c4e2000 	C:\Windows\system32\napinsp.dll
0x6c4b0000 - 0x6c4c6000 	C:\Windows\system32\pnrpnsp.dll
0x6c490000 - 0x6c4a4000 	C:\Windows\system32\NLAapi.dll
0x705e0000 - 0x70664000 	C:\Windows\SYSTEM32\DNSAPI.dll
0x74990000 - 0x74997000 	C:\Windows\SYSTEM32\NSI.dll
0x6c480000 - 0x6c48b000 	C:\Windows\System32\winrnr.dll
0x6f940000 - 0x6f948000 	C:\Windows\System32\rasadhlp.dll
0x73f70000 - 0x73f9f000 	C:\Windows\SYSTEM32\IPHLPAPI.DLL
0x6f890000 - 0x6f8d7000 	C:\Windows\System32\fwpuclnt.dll
0x74550000 - 0x7456b000 	C:\Windows\SYSTEM32\bcrypt.dll
0x6d270000 - 0x6d27a000 	C:\Program Files (x86)\Java\jdk1.8.0_191\jre\bin\management.dll
0x73920000 - 0x7392f000 	C:\Program Files (x86)\Java\jdk1.8.0_191\jre\bin\nio.dll
0x703e0000 - 0x7051f000 	C:\Windows\SYSTEM32\dbghelp.dll

VM Arguments:
jvm_args: -Dendpoints.shutdown.enabled=true -Denv=development -Dfull.stacktrace=false -Dgrails.env=development -Dgrails.full.stacktrace=false -Dinfo.app.grailsVersion=3.3.8 -Dinfo.app.name=sverse-web -Dinfo.app.version=0.1 -Djdk.reflect.allowGetCallerClass=true -Drun.active=true -Dspring.output.ansi.enabled=always -Dspringloaded=inclusions=grails.plugins..*;synchronize=true;allowSplitPackages=true;cacheDir=C:\Users\Pereira\sverse-web\build\springloaded -Dverbose=false -XX:+TieredCompilation -XX:TieredStopAtLevel=1 -XX:CICompilerCount=3 -javaagent:C:\Users\Pereira\.gradle\caches\modules-2\files-2.1\org.springframework\springloaded\1.2.8.RELEASE\b60bac05b0451cdc1863bfec617f39aa0dcaaa43\springloaded-1.2.8.RELEASE.jar -Xverify:none -Xms768m -Xmx768m -Dfile.encoding=UTF-8 -Duser.country=BR -Duser.language=pt -Duser.variant 
java_command: sverseweb.Application
java_class_path (initial): C:\Users\Pereira\sverse-web\src\main\resources;C:\Users\Pereira\sverse-web\grails-app\views;C:\Users\Pereira\sverse-web\grails-app\i18n;C:\Users\Pereira\sverse-web\grails-app\conf;C:\Users\Pereira\sverse-web\build\classes\main;C:\Users\Pereira\sverse-web\build\resources\main;C:\Users\Pereira\sverse-web\gsp-classes;C:\Users\Pereira\.gradle\caches\modules-2\files-2.1\org.springframework.boot\spring-boot-starter-logging\1.5.15.RELEASE\3a0d1b63705bb75ac54884c6c169b1e1908f1375\spring-boot-starter-logging-1.5.15.RELEASE.jar;C:\Users\Pereira\.gradle\caches\modules-2\files-2.1\org.springframework.boot\spring-boot-autoconfigure\1.5.15.RELEASE\9cb093e335fc58e61581edcb959813b62731ef8e\spring-boot-autoconfigure-1.5.15.RELEASE.jar;C:\Users\Pereira\.gradle\caches\modules-2\files-2.1\org.grails\grails-core\3.3.8\d535a1f07ed1a1ce388bc18c8b63a3f3abd1aeee\grails-core-3.3.8.jar;C:\Users\Pereira\.gradle\caches\modules-2\files-2.1\org.springframework.boot\spring-boot-starter-actuator\1.5.15.RELEASE\2f2e793c6c4592d99e58cf0668d1fcf2a84247f2\spring-boot-starter-actuator-1.5.15.RELEASE.jar;C:\Users\Pereira\.gradle\caches\modules-2\files-2.1\org.grails\grails-web-boot\3.3.8\173becb00d5a1d7cb1f1a44533d9ca8efd9843a\grails-web-boot-3.3.8.jar;C:\Users\Pereira\.gradle\caches\modules-2\files-2.1\org.grails\grails-logging\3.3.8\2c8647c42d85b7708d239ba3b2c2b422514f4fe9\grails-logging-3.3.8.jar;C:\Users\Pereira\.gradle\caches\modules-2\files-2.1\org.grails\grails-plugin-rest\3.3.8\8c6bc7985e3941e60336443e9f833b29ec573451\grails-plugin-rest-3.3.8.jar;C:\Users\Pereira\.gradle\caches\modules-2\files-2.1\org.grails\grails-plugin-databinding\3.3.8\5dfc9e914c81c413ebf432e1c5459794ce673291\grails-plugin-databinding-3.3.8.jar;C:\Users\Pereira\.gradle\caches\modules-2\files-2.1\org.grails\grails-plugin-i18n\3.3.8\a01c648c61520a89dcbe57b57656ed8d98995852\grails-plugin-i18n-3.3.8.jar;C:\Users\Pereira\.gradle\caches\modules-2\files-2.1\org.grails\grails-plugin-services\3.3.8\3cb9c7df
Launcher Type: SUN_STANDARD

Environment Variables:
JAVA_HOME=C:\Program Files (x86)\Java\jdk1.8.0_191
PATH=C:\Windows\system32;C:\Windows;C:\Windows\System32\Wbem;C:\Windows\System32\WindowsPowerShell\v1.0\;C:\Program Files (x86)\ATI Technologies\ATI.ACE\Core-Static;C:\Program Files (x86)\Java\jdk1.8.0_191\bin;C:\Program Files (x86)\grails-3.3.8\bin;C:\Program Files (x86)\apache-groovy-sdk-2.5.3\bin;C:\Program Files (x86)\Git\cmd
USERNAME=Pereira
OS=Windows_NT
PROCESSOR_IDENTIFIER=AMD64 Family 20 Model 2 Stepping 0, AuthenticAMD



---------------  S Y S T E M  ---------------

OS: Windows 10.0 , 64 bit Build 10586 (10.0.10586.0)

CPU:total 2 (initial active 2) (2 cores per cpu, 1 threads per core) family 20 model 2 stepping 0, cmov, cx8, fxsr, mmx, sse, sse2, sse3, ssse3, popcnt, mmxext, lzcnt, sse4a, tsc, tscinvbit, tscinv

Memory: 4k page, physical 3780600k(1215812k free), swap 7510084k(2656488k free)

vm_info: Java HotSpot(TM) Client VM (25.191-b12) for windows-x86 JRE (1.8.0_191-b12), built on Oct  6 2018 08:34:23 by "java_re" with MS VC++ 10.0 (VS2010)

time: Wed Feb 13 20:03:28 2019
elapsed time: 99 seconds (0d 0h 1m 39s)

