#
# A fatal error has been detected by the Java Runtime Environment:
#
#  EXCEPTION_ACCESS_VIOLATION (0xc0000005) at pc=0x02e93c8c, pid=2604, tid=0x00001678
#
# JRE version: Java(TM) SE Runtime Environment (8.0_191-b12) (build 1.8.0_191-b12)
# Java VM: Java HotSpot(TM) Client VM (25.191-b12 mixed mode windows-x86 )
# Problematic frame:
# j  org.springframework.boot.SpringApplication.getExitCodeFromExitCodeGeneratorException(Ljava/lang/Throwable;)I+0
#
# Failed to write core dump. Minidumps are not enabled by default on client versions of Windows
#
# If you would like to submit a bug report, please visit:
#   http://bugreport.java.com/bugreport/crash.jsp
#

---------------  T H R E A D  ---------------

Current thread (0x02b74800):  JavaThread "main" [_thread_in_Java, id=5752, stack(0x02b20000,0x02b70000)]

siginfo: ExceptionCode=0xc0000005, reading address 0xcccccccc

Registers:
EAX=0x37467d38, EBX=0x0000039f, ECX=0x00000010, EDX=0x7416c850
ESP=0x02b6f2b8, EBP=0x02b6f2dc, ESI=0x37464137, EDI=0xcccccccc
EIP=0x02e93c8c, EFLAGS=0x00010246

Top of Stack: (sp=0x02b6f2b8)
0x02b6f2b8:   02b6f2e8 02b6f2bc 37464130 02b6f2e8
0x02b6f2c8:   37465b30 00000000 37464178 00000000
0x02b6f2d8:   02b6f2e4 02b6f30c 02e844f0 02b6dc1c
0x02b6f2e8:   1535ccd0 02b6f2ec 3746414c 02b6f318
0x02b6f2f8:   37465b30 00000000 37464178 02b6f2e4
0x02b6f308:   02b6f314 02b6f33c 02e844f0 06508188
0x02b6f318:   1535ccd0 02b6f31c 3746414c 02b6f348
0x02b6f328:   37465b30 00000000 37464178 02b6f314 

Instructions: (pc=0x02e93c8c)
0x02e93c6c:   d0 0f 84 31 00 00 00 8b 48 08 3b 04 0a 0f 84 25
0x02e93c7c:   00 00 00 83 f9 10 0f 85 18 00 00 00 57 8b 7a 14
0x02e93c8c:   8b 0f 83 c7 04 85 c0 f2 af 5f 75 08 89 42 10 e9
0x02e93c9c:   04 00 00 00 33 c0 eb 05 b8 01 00 00 00 0f b6 5e 


Register to memory mapping:

EAX=0x37467d38 is pointing into metadata
EBX=0x0000039f is an unknown value
ECX=0x00000010 is an unknown value
EDX=0x7416c850 is an unknown value
ESP=0x02b6f2b8 is pointing into the stack for thread: 0x02b74800
EBP=0x02b6f2dc is pointing into the stack for thread: 0x02b74800
ESI=0x37464137 is pointing into metadata
EDI=0xcccccccc is an unknown value


Stack: [0x02b20000,0x02b70000],  sp=0x02b6f2b8,  free space=316k
Native frames: (J=compiled Java code, j=interpreted, Vv=VM code, C=native code)
j  org.springframework.boot.SpringApplication.getExitCodeFromExitCodeGeneratorException(Ljava/lang/Throwable;)I+0
j  org.springframework.boot.SpringApplication.getExitCodeFromExitCodeGeneratorException(Ljava/lang/Throwable;)I+28
j  org.springframework.boot.SpringApplication.getExitCodeFromExitCodeGeneratorException(Ljava/lang/Throwable;)I+28
j  org.springframework.boot.SpringApplication.getExitCodeFromExitCodeGeneratorException(Ljava/lang/Throwable;)I+28
j  org.springframework.boot.SpringApplication.getExitCodeFromExitCodeGeneratorException(Ljava/lang/Throwable;)I+28
j  org.springframework.boot.SpringApplication.getExitCodeFromException(Lorg/springframework/context/ConfigurableApplicationContext;Ljava/lang/Throwable;)I+13
j  org.springframework.boot.SpringApplication.handleExitCode(Lorg/springframework/context/ConfigurableApplicationContext;Ljava/lang/Throwable;)V+3
j  org.springframework.boot.SpringApplication.handleRunFailure(Lorg/springframework/context/ConfigurableApplicationContext;Lorg/springframework/boot/SpringApplicationRunListeners;Lorg/springframework/boot/diagnostics/FailureAnalyzers;Ljava/lang/Throwable;)V+4
j  org.springframework.boot.SpringApplication.run([Ljava/lang/String;)Lorg/springframework/context/ConfigurableApplicationContext;+150
j  grails.boot.GrailsApp.run([Ljava/lang/String;)Lorg/springframework/context/ConfigurableApplicationContext;+2
j  grails.boot.GrailsApp.run([Ljava/lang/Object;[Ljava/lang/String;)Lorg/springframework/context/ConfigurableApplicationContext;+43
j  grails.boot.GrailsApp.run(Ljava/lang/Object;[Ljava/lang/String;)Lorg/springframework/context/ConfigurableApplicationContext;+9
j  grails.boot.GrailsApp$run.call(Ljava/lang/Object;[Ljava/lang/Object;)Ljava/lang/Object;+18
j  org.codehaus.groovy.runtime.callsite.CallSiteArray.defaultCall(Lorg/codehaus/groovy/runtime/callsite/CallSite;Ljava/lang/Object;[Ljava/lang/Object;)Ljava/lang/Object;+8
j  org.codehaus.groovy.runtime.callsite.AbstractCallSite.call(Ljava/lang/Object;[Ljava/lang/Object;)Ljava/lang/Object;+3
j  org.codehaus.groovy.runtime.callsite.AbstractCallSite.call(Ljava/lang/Object;Ljava/lang/Object;Ljava/lang/Object;)Ljava/lang/Object;+38
j  sverseweb.Application.main([Ljava/lang/String;)V+57
v  ~StubRoutines::call_stub
V  [jvm.dll+0x15c315]
V  [jvm.dll+0x223ece]
V  [jvm.dll+0x15c3ae]
V  [jvm.dll+0xddb27]
V  [jvm.dll+0xe60bf]
C  [java.exe+0x2363]
C  [java.exe+0xb03f]
C  [java.exe+0xb0c9]
C  [KERNEL32.DLL+0x138f4]
C  [ntdll.dll+0x65e13]
C  [ntdll.dll+0x65dde]
C  0x00000000


---------------  P R O C E S S  ---------------

Java Threads: ( => current thread )
  0x38506c00 JavaThread "Abandoned connection cleanup thread" daemon [_thread_blocked, id=3428, stack(0x02990000,0x029e0000)]
  0x38506400 JavaThread "Tomcat JDBC Pool Cleaner[11840194:1550134363547]" daemon [_thread_blocked, id=6236, stack(0x010a0000,0x010f0000)]
  0x361f7400 JavaThread "FileSystemWatcher: files=#115 cl=sun.misc.Launcher$AppClassLoader@b4aac2" daemon [_thread_blocked, id=6256, stack(0x36a90000,0x36ae0000)]
  0x360d3000 JavaThread "Service Thread" daemon [_thread_blocked, id=6832, stack(0x36970000,0x369c0000)]
  0x36097c00 JavaThread "C1 CompilerThread2" daemon [_thread_blocked, id=912, stack(0x368e0000,0x36930000)]
  0x360a5800 JavaThread "C1 CompilerThread1" daemon [_thread_blocked, id=5792, stack(0x36850000,0x368a0000)]
  0x3604d000 JavaThread "C1 CompilerThread0" daemon [_thread_blocked, id=6780, stack(0x367c0000,0x36810000)]
  0x35635c00 JavaThread "Attach Listener" daemon [_thread_blocked, id=6788, stack(0x35b30000,0x35b80000)]
  0x35634c00 JavaThread "Signal Dispatcher" daemon [_thread_blocked, id=5516, stack(0x35aa0000,0x35af0000)]
  0x35617800 JavaThread "Finalizer" daemon [_thread_blocked, id=2068, stack(0x35910000,0x35960000)]
  0x35611800 JavaThread "Reference Handler" daemon [_thread_blocked, id=1432, stack(0x35880000,0x358d0000)]
=>0x02b74800 JavaThread "main" [_thread_in_Java, id=5752, stack(0x02b20000,0x02b70000)]

Other Threads:
  0x355fc000 VMThread [stack: 0x357f0000,0x35840000] [id=6772]
  0x360d3c00 WatcherThread [stack: 0x36a00000,0x36a50000] [id=2464]

VM state:synchronizing (normal execution)

VM Mutex/Monitor currently owned by a thread:  ([mutex/lock_event])
[0x02b73260] Safepoint_lock - owner thread: 0x355fc000
[0x02b732c8] Threads_lock - owner thread: 0x355fc000

Heap:
 def new generation   total 235968K, used 22021K [0x05000000, 0x15000000, 0x15000000)
  eden space 209792K,  10% used [0x05000000, 0x06581518, 0x11ce0000)
  from space 26176K,   0% used [0x11ce0000, 0x11ce0000, 0x13670000)
  to   space 26176K,   0% used [0x13670000, 0x13670000, 0x15000000)
 tenured generation   total 524288K, used 88753K [0x15000000, 0x35000000, 0x35000000)
   the space 524288K,  16% used [0x15000000, 0x1a6ac610, 0x1a6ac800, 0x35000000)
 Metaspace       used 33890K, capacity 34360K, committed 34432K, reserved 35200K

Card table byte_map: [0x35000000,0x35190000] byte_map_base: 0x34fd8000

Polling page: 0x02c80000

CodeCache: size=32768Kb used=6669Kb max_used=6671Kb free=26098Kb
 bounds [0x02e80000, 0x03508000, 0x04e80000]
 total_blobs=2861 nmethods=2427 adapters=361
 compilation: enabled

Compilation events (10 events):
Event: 104.382 Thread 0x360a5800 2477             groovy.lang.MetaClassImpl$6::getProperty (14 bytes)
Event: 104.383 Thread 0x360a5800 nmethod 2477 0x03502ec8 code [0x03502fd0, 0x035030ac]
Event: 105.377 Thread 0x36097c00 2478             org.codehaus.groovy.runtime.typehandling.DefaultTypeTransformation::castToType (143 bytes)
Event: 105.377 Thread 0x3604d000 2479             groovy.lang.MetaClassImpl::isInitialized (5 bytes)
Event: 105.378 Thread 0x3604d000 nmethod 2479 0x03503148 code [0x03503240, 0x035032c0]
Event: 105.380 Thread 0x36097c00 nmethod 2478 0x03503308 code [0x03503500, 0x03503920]
Event: 105.382 Thread 0x36097c00 2480   !         org.codehaus.groovy.runtime.callsite.GetEffectivePogoPropertySite::callGroovyObjectGetProperty (56 bytes)
Event: 105.384 Thread 0x36097c00 nmethod 2480 0x03503d48 code [0x03503ec0, 0x03504214]
Event: 105.624 Thread 0x360a5800 2481             org.springsource.loaded.InterfaceExtractor$ExtractorVisitor::visitField (2 bytes)
Event: 105.624 Thread 0x360a5800 nmethod 2481 0x03504548 code [0x03504640, 0x035046c0]

GC Heap History (10 events):
Event: 67.858 GC heap before
{Heap before GC invocations=8 (full 2):
 def new generation   total 235968K, used 220072K [0x05000000, 0x15000000, 0x15000000)
  eden space 209792K, 100% used [0x05000000, 0x11ce0000, 0x11ce0000)
  from space 26176K,  39% used [0x11ce0000, 0x126ea1a8, 0x13670000)
  to   space 26176K,   0% used [0x13670000, 0x13670000, 0x15000000)
 tenured generation   total 524288K, used 41283K [0x15000000, 0x35000000, 0x35000000)
   the space 524288K,   7% used [0x15000000, 0x17850c00, 0x17850c00, 0x35000000)
 Metaspace       used 27130K, capacity 27467K, committed 27520K, reserved 28032K
Event: 68.039 GC heap after
Heap after GC invocations=9 (full 2):
 def new generation   total 235968K, used 19915K [0x05000000, 0x15000000, 0x15000000)
  eden space 209792K,   0% used [0x05000000, 0x05000000, 0x11ce0000)
  from space 26176K,  76% used [0x13670000, 0x149e2f98, 0x15000000)
  to   space 26176K,   0% used [0x11ce0000, 0x11ce0000, 0x13670000)
 tenured generation   total 524288K, used 41283K [0x15000000, 0x35000000, 0x35000000)
   the space 524288K,   7% used [0x15000000, 0x17850c00, 0x17850c00, 0x35000000)
 Metaspace       used 27130K, capacity 27467K, committed 27520K, reserved 28032K
}
Event: 77.973 GC heap before
{Heap before GC invocations=9 (full 2):
 def new generation   total 235968K, used 229707K [0x05000000, 0x15000000, 0x15000000)
  eden space 209792K, 100% used [0x05000000, 0x11ce0000, 0x11ce0000)
  from space 26176K,  76% used [0x13670000, 0x149e2f98, 0x15000000)
  to   space 26176K,   0% used [0x11ce0000, 0x11ce0000, 0x13670000)
 tenured generation   total 524288K, used 41283K [0x15000000, 0x35000000, 0x35000000)
   the space 524288K,   7% used [0x15000000, 0x17850c00, 0x17850c00, 0x35000000)
 Metaspace       used 28609K, capacity 28960K, committed 29056K, reserved 29056K
Event: 78.248 GC heap after
Heap after GC invocations=10 (full 2):
 def new generation   total 235968K, used 22264K [0x05000000, 0x15000000, 0x15000000)
  eden space 209792K,   0% used [0x05000000, 0x05000000, 0x11ce0000)
  from space 26176K,  85% used [0x11ce0000, 0x1329e370, 0x13670000)
  to   space 26176K,   0% used [0x13670000, 0x13670000, 0x15000000)
 tenured generation   total 524288K, used 49939K [0x15000000, 0x35000000, 0x35000000)
   the space 524288K,   9% used [0x15000000, 0x180c4c38, 0x180c4e00, 0x35000000)
 Metaspace       used 28609K, capacity 28960K, committed 29056K, reserved 29056K
}
Event: 91.080 GC heap before
{Heap before GC invocations=10 (full 2):
 def new generation   total 235968K, used 232056K [0x05000000, 0x15000000, 0x15000000)
  eden space 209792K, 100% used [0x05000000, 0x11ce0000, 0x11ce0000)
  from space 26176K,  85% used [0x11ce0000, 0x1329e370, 0x13670000)
  to   space 26176K,   0% used [0x13670000, 0x13670000, 0x15000000)
 tenured generation   total 524288K, used 49939K [0x15000000, 0x35000000, 0x35000000)
   the space 524288K,   9% used [0x15000000, 0x180c4c38, 0x180c4e00, 0x35000000)
 Metaspace       used 30429K, capacity 30808K, committed 30848K, reserved 31104K
Event: 91.295 GC heap after
Heap after GC invocations=11 (full 2):
 def new generation   total 235968K, used 16052K [0x05000000, 0x15000000, 0x15000000)
  eden space 209792K,   0% used [0x05000000, 0x05000000, 0x11ce0000)
  from space 26176K,  61% used [0x13670000, 0x1461d148, 0x15000000)
  to   space 26176K,   0% used [0x11ce0000, 0x11ce0000, 0x13670000)
 tenured generation   total 524288K, used 61098K [0x15000000, 0x35000000, 0x35000000)
   the space 524288K,  11% used [0x15000000, 0x18baa988, 0x18baaa00, 0x35000000)
 Metaspace       used 30429K, capacity 30808K, committed 30848K, reserved 31104K
}
Event: 100.142 GC heap before
{Heap before GC invocations=11 (full 2):
 def new generation   total 235968K, used 225844K [0x05000000, 0x15000000, 0x15000000)
  eden space 209792K, 100% used [0x05000000, 0x11ce0000, 0x11ce0000)
  from space 26176K,  61% used [0x13670000, 0x1461d148, 0x15000000)
  to   space 26176K,   0% used [0x11ce0000, 0x11ce0000, 0x13670000)
 tenured generation   total 524288K, used 61098K [0x15000000, 0x35000000, 0x35000000)
   the space 524288K,  11% used [0x15000000, 0x18baa988, 0x18baaa00, 0x35000000)
 Metaspace       used 31831K, capacity 32221K, committed 32256K, reserved 33152K
Event: 100.338 GC heap after
Heap after GC invocations=12 (full 2):
 def new generation   total 235968K, used 12025K [0x05000000, 0x15000000, 0x15000000)
  eden space 209792K,   0% used [0x05000000, 0x05000000, 0x11ce0000)
  from space 26176K,  45% used [0x11ce0000, 0x1289e5c8, 0x13670000)
  to   space 26176K,   0% used [0x13670000, 0x13670000, 0x15000000)
 tenured generation   total 524288K, used 70169K [0x15000000, 0x35000000, 0x35000000)
   the space 524288K,  13% used [0x15000000, 0x194865a0, 0x19486600, 0x35000000)
 Metaspace       used 31831K, capacity 32221K, committed 32256K, reserved 33152K
}
Event: 104.440 GC heap before
{Heap before GC invocations=12 (full 2):
 def new generation   total 235968K, used 190526K [0x05000000, 0x15000000, 0x15000000)
  eden space 209792K,  85% used [0x05000000, 0x0fe515e8, 0x11ce0000)
  from space 26176K,  45% used [0x11ce0000, 0x1289e5c8, 0x13670000)
  to   space 26176K,   0% used [0x13670000, 0x13670000, 0x15000000)
 tenured generation   total 524288K, used 70169K [0x15000000, 0x35000000, 0x35000000)
   the space 524288K,  13% used [0x15000000, 0x194865a0, 0x19486600, 0x35000000)
 Metaspace       used 33683K, capacity 34136K, committed 34136K, reserved 34176K
Event: 105.295 GC heap after
Heap after GC invocations=13 (full 3):
 def new generation   total 235968K, used 0K [0x05000000, 0x15000000, 0x15000000)
  eden space 209792K,   0% used [0x05000000, 0x05000000, 0x11ce0000)
  from space 26176K,   0% used [0x11ce0000, 0x11ce0000, 0x13670000)
  to   space 26176K,   0% used [0x13670000, 0x13670000, 0x15000000)
 tenured generation   total 524288K, used 88753K [0x15000000, 0x35000000, 0x35000000)
   the space 524288K,  16% used [0x15000000, 0x1a6ac610, 0x1a6ac800, 0x35000000)
 Metaspace       used 33683K, capacity 34136K, committed 34136K, reserved 34176K
}

Deoptimization events (0 events):
No events

Classes redefined (0 events):
No events

Internal exceptions (10 events):
Event: 105.573 Thread 0x02b74800 Exception <a 'java/lang/ArrayIndexOutOfBoundsException'> (0x06271fa0) thrown at [C:\workspace\8-2-build-windows-i586-cygwin\jdk8u191\11896\hotspot\src\share\vm\runtime\sharedRuntime.cpp, line 605]
Event: 105.574 Thread 0x02b74800 Exception <a 'java/lang/ArrayIndexOutOfBoundsException'> (0x06279ad8) thrown at [C:\workspace\8-2-build-windows-i586-cygwin\jdk8u191\11896\hotspot\src\share\vm\runtime\sharedRuntime.cpp, line 605]
Event: 105.574 Thread 0x02b74800 Exception <a 'java/lang/ArrayIndexOutOfBoundsException'> (0x06286c70) thrown at [C:\workspace\8-2-build-windows-i586-cygwin\jdk8u191\11896\hotspot\src\share\vm\runtime\sharedRuntime.cpp, line 605]
Event: 105.574 Thread 0x02b74800 Exception <a 'java/lang/ArrayIndexOutOfBoundsException'> (0x0628a5d0) thrown at [C:\workspace\8-2-build-windows-i586-cygwin\jdk8u191\11896\hotspot\src\share\vm\runtime\sharedRuntime.cpp, line 605]
Event: 105.575 Thread 0x02b74800 Exception <a 'java/lang/ArrayIndexOutOfBoundsException'> (0x06293990) thrown at [C:\workspace\8-2-build-windows-i586-cygwin\jdk8u191\11896\hotspot\src\share\vm\runtime\sharedRuntime.cpp, line 605]
Event: 105.575 Thread 0x02b74800 Exception <a 'java/lang/ArrayIndexOutOfBoundsException'> (0x0629bbd8) thrown at [C:\workspace\8-2-build-windows-i586-cygwin\jdk8u191\11896\hotspot\src\share\vm\runtime\sharedRuntime.cpp, line 605]
Event: 105.575 Thread 0x02b74800 Exception <a 'java/lang/ArrayIndexOutOfBoundsException'> (0x062a10f8) thrown at [C:\workspace\8-2-build-windows-i586-cygwin\jdk8u191\11896\hotspot\src\share\vm\runtime\sharedRuntime.cpp, line 605]
Event: 105.596 Thread 0x02b74800 Exception <a 'java/lang/ClassNotFoundException': java/io/SerializableBeanInfo> (0x0633b910) thrown at [C:\workspace\8-2-build-windows-i586-cygwin\jdk8u191\11896\hotspot\src\share\vm\classfile\systemDictionary.cpp, line 210]
Event: 105.600 Thread 0x02b74800 Exception <a 'java/lang/ClassNotFoundException': java/io/SerializableCustomizer> (0x06348e20) thrown at [C:\workspace\8-2-build-windows-i586-cygwin\jdk8u191\11896\hotspot\src\share\vm\classfile\systemDictionary.cpp, line 210]
Event: 105.671 Thread 0x02b74800 Exception <a 'java/lang/reflect/InvocationTargetException'> (0x064f4958) thrown at [C:\workspace\8-2-build-windows-i586-cygwin\jdk8u191\11896\hotspot\src\share\vm\runtime\reflection.cpp, line 1092]

Events (10 events):
Event: 105.684 loading class sun/util/resources/TimeZoneNamesBundle done
Event: 105.684 loading class sun/util/resources/TimeZoneNames done
Event: 105.685 loading class sun/util/resources/en/TimeZoneNames_en
Event: 105.686 loading class sun/util/resources/en/TimeZoneNames_en done
Event: 105.695 loading class java/util/AbstractMap$1$1
Event: 105.736 loading class java/util/AbstractMap$1$1 done
Event: 105.736 loading class org/springframework/util/ConcurrentReferenceHashMap$EntrySet
Event: 105.736 loading class org/springframework/util/ConcurrentReferenceHashMap$EntrySet done
Event: 105.739 loading class org/springframework/util/ConcurrentReferenceHashMap$EntryIterator
Event: 105.739 loading class org/springframework/util/ConcurrentReferenceHashMap$EntryIterator done


Dynamic libraries:
0x003f0000 - 0x00423000 	C:\Program Files (x86)\Java\jdk1.8.0_191\bin\java.exe
0x76f70000 - 0x770eb000 	C:\Windows\SYSTEM32\ntdll.dll
0x73fd0000 - 0x740b0000 	C:\Windows\SYSTEM32\KERNEL32.DLL
0x740b0000 - 0x7422e000 	C:\Windows\SYSTEM32\KERNELBASE.dll
0x72ed0000 - 0x72f62000 	C:\Windows\system32\apphelp.dll
0x745b0000 - 0x7462b000 	C:\Windows\SYSTEM32\ADVAPI32.dll
0x75630000 - 0x756ee000 	C:\Windows\SYSTEM32\msvcrt.dll
0x74750000 - 0x74794000 	C:\Windows\SYSTEM32\sechost.dll
0x73d90000 - 0x73e3d000 	C:\Windows\SYSTEM32\RPCRT4.dll
0x73ca0000 - 0x73cbe000 	C:\Windows\SYSTEM32\SspiCli.dll
0x73c90000 - 0x73c9a000 	C:\Windows\SYSTEM32\CRYPTBASE.dll
0x74540000 - 0x74598000 	C:\Windows\SYSTEM32\bcryptPrimitives.dll
0x76d00000 - 0x76e47000 	C:\Windows\SYSTEM32\USER32.dll
0x76bb0000 - 0x76cfe000 	C:\Windows\SYSTEM32\GDI32.dll
0x734c0000 - 0x736cf000 	C:\Windows\WinSxS\x86_microsoft.windows.common-controls_6595b64144ccf1df_6.0.10586.839_none_ea8af107b9b5cbb4\COMCTL32.dll
0x748b0000 - 0x74a6a000 	C:\Windows\SYSTEM32\combase.dll
0x74630000 - 0x7465b000 	C:\Windows\SYSTEM32\IMM32.DLL
0x73bd0000 - 0x73c8f000 	C:\Program Files (x86)\Java\jdk1.8.0_191\jre\bin\msvcr100.dll
0x737f0000 - 0x73bc3000 	C:\Program Files (x86)\Java\jdk1.8.0_191\jre\bin\client\jvm.dll
0x76af0000 - 0x76af6000 	C:\Windows\SYSTEM32\PSAPI.DLL
0x70bd0000 - 0x70bd8000 	C:\Windows\SYSTEM32\WSOCK32.dll
0x76b50000 - 0x76baf000 	C:\Windows\SYSTEM32\WS2_32.dll
0x6f3c0000 - 0x6f3e4000 	C:\Windows\SYSTEM32\WINMM.dll
0x73700000 - 0x73708000 	C:\Windows\SYSTEM32\VERSION.dll
0x6f230000 - 0x6f253000 	C:\Windows\SYSTEM32\WINMMBASE.dll
0x75580000 - 0x755b7000 	C:\Windows\SYSTEM32\cfgmgr32.dll
0x737e0000 - 0x737ec000 	C:\Program Files (x86)\Java\jdk1.8.0_191\jre\bin\verify.dll
0x737b0000 - 0x737d2000 	C:\Program Files (x86)\Java\jdk1.8.0_191\jre\bin\java.dll
0x6bac0000 - 0x6bae0000 	C:\Program Files (x86)\Java\jdk1.8.0_191\jre\bin\instrument.dll
0x73790000 - 0x737a4000 	C:\Program Files (x86)\Java\jdk1.8.0_191\jre\bin\zip.dll
0x756f0000 - 0x76aee000 	C:\Windows\SYSTEM32\SHELL32.dll
0x74ad0000 - 0x74fca000 	C:\Windows\SYSTEM32\windows.storage.dll
0x74860000 - 0x748a5000 	C:\Windows\SYSTEM32\shlwapi.dll
0x755c0000 - 0x755cc000 	C:\Windows\SYSTEM32\kernel.appcore.dll
0x74330000 - 0x743bd000 	C:\Windows\SYSTEM32\shcore.dll
0x74700000 - 0x74744000 	C:\Windows\SYSTEM32\powrprof.dll
0x73ce0000 - 0x73cef000 	C:\Windows\SYSTEM32\profapi.dll
0x73770000 - 0x73785000 	C:\Program Files (x86)\Java\jdk1.8.0_191\jre\bin\net.dll
0x6f370000 - 0x6f3bf000 	C:\Windows\system32\mswsock.dll
0x6baa0000 - 0x6bab2000 	C:\Windows\system32\napinsp.dll
0x6ba80000 - 0x6ba96000 	C:\Windows\system32\pnrpnsp.dll
0x6ba60000 - 0x6ba74000 	C:\Windows\system32\NLAapi.dll
0x6f2b0000 - 0x6f334000 	C:\Windows\SYSTEM32\DNSAPI.dll
0x73d80000 - 0x73d87000 	C:\Windows\SYSTEM32\NSI.dll
0x73110000 - 0x7311b000 	C:\Windows\System32\winrnr.dll
0x6eca0000 - 0x6eca8000 	C:\Windows\System32\rasadhlp.dll
0x73710000 - 0x7373f000 	C:\Windows\SYSTEM32\IPHLPAPI.DLL
0x6ebf0000 - 0x6ec37000 	C:\Windows\System32\fwpuclnt.dll
0x73140000 - 0x7315b000 	C:\Windows\SYSTEM32\bcrypt.dll
0x734b0000 - 0x734ba000 	C:\Program Files (x86)\Java\jdk1.8.0_191\jre\bin\management.dll
0x73760000 - 0x7376f000 	C:\Program Files (x86)\Java\jdk1.8.0_191\jre\bin\nio.dll
0x72fa0000 - 0x730df000 	C:\Windows\SYSTEM32\dbghelp.dll

VM Arguments:
jvm_args: -Dendpoints.shutdown.enabled=true -Denv=development -Dfull.stacktrace=false -Dgrails.env=development -Dgrails.full.stacktrace=false -Dinfo.app.grailsVersion=3.3.8 -Dinfo.app.name=sverse-web -Dinfo.app.version=0.1 -Djdk.reflect.allowGetCallerClass=true -Drun.active=true -Dspring.output.ansi.enabled=always -Dspringloaded=inclusions=grails.plugins..*;synchronize=true;allowSplitPackages=true;cacheDir=C:\Users\Pereira\sverse-web\build\springloaded -Dverbose=false -XX:+TieredCompilation -XX:TieredStopAtLevel=1 -XX:CICompilerCount=3 -javaagent:C:\Users\Pereira\.gradle\caches\modules-2\files-2.1\org.springframework\springloaded\1.2.8.RELEASE\b60bac05b0451cdc1863bfec617f39aa0dcaaa43\springloaded-1.2.8.RELEASE.jar -Xverify:none -Xms768m -Xmx768m -Dfile.encoding=UTF-8 -Duser.country=BR -Duser.language=pt -Duser.variant 
java_command: sverseweb.Application
java_class_path (initial): C:\Users\Pereira\sverse-web\src\main\resources;C:\Users\Pereira\sverse-web\grails-app\views;C:\Users\Pereira\sverse-web\grails-app\i18n;C:\Users\Pereira\sverse-web\grails-app\conf;C:\Users\Pereira\sverse-web\build\classes\main;C:\Users\Pereira\sverse-web\build\resources\main;C:\Users\Pereira\sverse-web\gsp-classes;C:\Users\Pereira\.gradle\caches\modules-2\files-2.1\org.springframework.boot\spring-boot-starter-logging\1.5.15.RELEASE\3a0d1b63705bb75ac54884c6c169b1e1908f1375\spring-boot-starter-logging-1.5.15.RELEASE.jar;C:\Users\Pereira\.gradle\caches\modules-2\files-2.1\org.springframework.boot\spring-boot-autoconfigure\1.5.15.RELEASE\9cb093e335fc58e61581edcb959813b62731ef8e\spring-boot-autoconfigure-1.5.15.RELEASE.jar;C:\Users\Pereira\.gradle\caches\modules-2\files-2.1\org.grails\grails-core\3.3.8\d535a1f07ed1a1ce388bc18c8b63a3f3abd1aeee\grails-core-3.3.8.jar;C:\Users\Pereira\.gradle\caches\modules-2\files-2.1\org.springframework.boot\spring-boot-starter-actuator\1.5.15.RELEASE\2f2e793c6c4592d99e58cf0668d1fcf2a84247f2\spring-boot-starter-actuator-1.5.15.RELEASE.jar;C:\Users\Pereira\.gradle\caches\modules-2\files-2.1\org.grails\grails-web-boot\3.3.8\173becb00d5a1d7cb1f1a44533d9ca8efd9843a\grails-web-boot-3.3.8.jar;C:\Users\Pereira\.gradle\caches\modules-2\files-2.1\org.grails\grails-logging\3.3.8\2c8647c42d85b7708d239ba3b2c2b422514f4fe9\grails-logging-3.3.8.jar;C:\Users\Pereira\.gradle\caches\modules-2\files-2.1\org.grails\grails-plugin-rest\3.3.8\8c6bc7985e3941e60336443e9f833b29ec573451\grails-plugin-rest-3.3.8.jar;C:\Users\Pereira\.gradle\caches\modules-2\files-2.1\org.grails\grails-plugin-databinding\3.3.8\5dfc9e914c81c413ebf432e1c5459794ce673291\grails-plugin-databinding-3.3.8.jar;C:\Users\Pereira\.gradle\caches\modules-2\files-2.1\org.grails\grails-plugin-i18n\3.3.8\a01c648c61520a89dcbe57b57656ed8d98995852\grails-plugin-i18n-3.3.8.jar;C:\Users\Pereira\.gradle\caches\modules-2\files-2.1\org.grails\grails-plugin-services\3.3.8\3cb9c7df
Launcher Type: SUN_STANDARD

Environment Variables:
JAVA_HOME=C:\Program Files\Java\jdk-10
PATH=C:\Windows\system32;C:\Windows;C:\Windows\System32\Wbem;C:\Windows\System32\WindowsPowerShell\v1.0\;C:\Program Files (x86)\ATI Technologies\ATI.ACE\Core-Static;C:\Program Files\Java\jdk-10\bin;C:\Program Files (x86)\grails-3.3.8\bin;C:\Program Files (x86)\apache-groovy-sdk-2.5.3\bin;C:\Program Files (x86)\Git\cmd
USERNAME=Pereira
OS=Windows_NT
PROCESSOR_IDENTIFIER=AMD64 Family 20 Model 2 Stepping 0, AuthenticAMD



---------------  S Y S T E M  ---------------

OS: Windows 10.0 , 64 bit Build 10586 (10.0.10586.589)

CPU:total 2 (initial active 2) (2 cores per cpu, 1 threads per core) family 20 model 2 stepping 0, cmov, cx8, fxsr, mmx, sse, sse2, sse3, ssse3, popcnt, mmxext, lzcnt, sse4a, tsc, tscinvbit, tscinv

Memory: 4k page, physical 3780600k(491712k free), swap 6795256k(2606592k free)

vm_info: Java HotSpot(TM) Client VM (25.191-b12) for windows-x86 JRE (1.8.0_191-b12), built on Oct  6 2018 08:34:23 by "java_re" with MS VC++ 10.0 (VS2010)

time: Thu Feb 14 06:52:50 2019
elapsed time: 107 seconds (0d 0h 1m 47s)

