#
# A fatal error has been detected by the Java Runtime Environment:
#
#  EXCEPTION_ACCESS_VIOLATION (0xc0000005) at pc=0x000000006f84f046, pid=5212, tid=0x00000000000018e4
#
# JRE version: Java(TM) SE Runtime Environment (8.0_161-b12) (build 1.8.0_161-b12)
# Java VM: Java HotSpot(TM) 64-Bit Server VM (25.161-b12 mixed mode windows-amd64 compressed oops)
# Problematic frame:
# V  [jvm.dll+0x13f046]
#
# Failed to write core dump. Minidumps are not enabled by default on client versions of Windows
#
# If you would like to submit a bug report, please visit:
#   http://bugreport.java.com/bugreport/crash.jsp
#

---------------  T H R E A D  ---------------

Current thread (0x0000000002dda800):  JavaThread "main" [_thread_in_vm, id=6372, stack(0x0000000002cd0000,0x0000000002dd0000)]

siginfo: ExceptionCode=0xc0000005, reading address 0x0000000000000058

Registers:
RAX=0x0000000000000058, RBX=0x0000000002dda800, RCX=0x0000000000000058, RDX=0x00000001000a4428
RSP=0x0000000002dcef30, RBP=0x0000000002dcef80, RSI=0x0000000002dcef88, RDI=0x0000000011d10000
R8 =0x0000000000000000, R9 =0x0000000002dcef88, R10=0x000000000362df8f, R11=0x000000000362df58
R12=0x0000000000000000, R13=0x0000000002dcefd8, R14=0x0000000002dcf048, R15=0x0000000002dda800
RIP=0x000000006f84f046, EFLAGS=0x0000000000010246

Top of Stack: (sp=0x0000000002dcef30)
0x0000000002dcef30:   0000000002dda800 0000000002fd56d0
0x0000000002dcef40:   000000000000000e 0000000018a78140
0x0000000002dcef50:   0000000011d10000 000000000362e009
0x0000000002dcef60:   00000000141ac298 0000000002dcefc0
0x0000000002dcef70:   00000000007d7afc 0000000002dcbec0
0x0000000002dcef80:   00000000d04af368 0000000002dcbec0
0x0000000002dcef90:   0000000002dcef80 00000000141bba28
0x0000000002dcefa0:   0000000002dcefe0 000000001424a3a8
0x0000000002dcefb0:   0000000000000000 00000000141bba30
0x0000000002dcefc0:   0000000002dcf028 0000000002fd7b30
0x0000000002dcefd0:   0000000002fd7b30 0000000002dcbec0
0x0000000002dcefe0:   00000000d04af368 0000000002dcefe8
0x0000000002dceff0:   0000000018a780fe 0000000002dcf048
0x0000000002dcf000:   0000000018a78aa8 0000000000000000
0x0000000002dcf010:   0000000018a78140 0000000002dcefd8
0x0000000002dcf020:   0000000002dcf038 0000000002dcf090 

Instructions: (pc=0x000000006f84f046)
0x000000006f84f026:   16 45 8b 40 08 8b 0d 77 47 66 00 49 d3 e0 4c 03
0x000000006f84f036:   05 65 47 66 00 eb 04 4d 8b 40 08 8b 48 0c 8b c1
0x000000006f84f046:   4a 39 14 01 75 04 b0 01 eb 11 83 f9 18 74 04 32
0x000000006f84f056:   c0 eb 08 49 8b c8 e8 0f 65 fe ff 84 c0 40 0f 95 


Register to memory mapping:

RAX=0x0000000000000058 is an unknown value
RBX=0x0000000002dda800 is a thread
RCX=0x0000000000000058 is an unknown value
RDX=0x00000001000a4428 is pointing into metadata
RSP=0x0000000002dcef30 is pointing into the stack for thread: 0x0000000002dda800
RBP=0x0000000002dcef80 is pointing into the stack for thread: 0x0000000002dda800
RSI=0x0000000002dcef88 is pointing into the stack for thread: 0x0000000002dda800
RDI=0x0000000011d10000 is an unknown value
R8 =0x0000000000000000 is an unknown value
R9 =0x0000000002dcef88 is pointing into the stack for thread: 0x0000000002dda800
R10=0x000000000362df8f is at entry_point+79 in (nmethod*)0x000000000362ddd0
R11=0x000000000362df58 is at entry_point+24 in (nmethod*)0x000000000362ddd0
R12=0x0000000000000000 is an unknown value
R13=0x0000000002dcefd8 is pointing into the stack for thread: 0x0000000002dda800
R14=0x0000000002dcf048 is pointing into the stack for thread: 0x0000000002dda800
R15=0x0000000002dda800 is a thread


Stack: [0x0000000002cd0000,0x0000000002dd0000],  sp=0x0000000002dcef30,  free space=1019k
Native frames: (J=compiled Java code, j=interpreted, Vv=VM code, C=native code)
V  [jvm.dll+0x13f046]
C  0x000000000362e009

Java frames: (J=compiled Java code, j=interpreted, Vv=VM code)
J 2353  java.lang.Class.isInstance(Ljava/lang/Object;)Z (0 bytes) @ 0x000000000362df8f [0x000000000362df40+0x4f]
j  org.springframework.boot.diagnostics.AbstractFailureAnalyzer.findCause(Ljava/lang/Throwable;Ljava/lang/Class;)Ljava/lang/Throwable;+6
j  org.springframework.boot.diagnostics.AbstractFailureAnalyzer.analyze(Ljava/lang/Throwable;)Lorg/springframework/boot/diagnostics/FailureAnalysis;+6
j  org.springframework.boot.diagnostics.FailureAnalyzers.analyze(Ljava/lang/Throwable;Ljava/util/List;)Lorg/springframework/boot/diagnostics/FailureAnalysis;+30
j  org.springframework.boot.diagnostics.FailureAnalyzers.analyzeAndReport(Ljava/lang/Throwable;)Z+6
j  org.springframework.boot.SpringApplication.reportFailure(Lorg/springframework/boot/diagnostics/FailureAnalyzers;Ljava/lang/Throwable;)V+6
j  org.springframework.boot.SpringApplication.handleRunFailure(Lorg/springframework/context/ConfigurableApplicationContext;Lorg/springframework/boot/SpringApplicationRunListeners;Lorg/springframework/boot/diagnostics/FailureAnalyzers;Ljava/lang/Throwable;)V+40
j  org.springframework.boot.SpringApplication.run([Ljava/lang/String;)Lorg/springframework/context/ConfigurableApplicationContext;+150
j  grails.boot.GrailsApp.run([Ljava/lang/String;)Lorg/springframework/context/ConfigurableApplicationContext;+2
j  grails.boot.GrailsApp.run([Ljava/lang/Object;[Ljava/lang/String;)Lorg/springframework/context/ConfigurableApplicationContext;+43
j  grails.boot.GrailsApp.run(Ljava/lang/Object;[Ljava/lang/String;)Lorg/springframework/context/ConfigurableApplicationContext;+9
j  grails.boot.GrailsApp$run.call(Ljava/lang/Object;[Ljava/lang/Object;)Ljava/lang/Object;+18
j  org.codehaus.groovy.runtime.callsite.CallSiteArray.defaultCall(Lorg/codehaus/groovy/runtime/callsite/CallSite;Ljava/lang/Object;[Ljava/lang/Object;)Ljava/lang/Object;+8
j  org.codehaus.groovy.runtime.callsite.AbstractCallSite.call(Ljava/lang/Object;[Ljava/lang/Object;)Ljava/lang/Object;+3
j  org.codehaus.groovy.runtime.callsite.AbstractCallSite.call(Ljava/lang/Object;Ljava/lang/Object;Ljava/lang/Object;)Ljava/lang/Object;+38
j  sverseweb.Application.main([Ljava/lang/String;)V+57
v  ~StubRoutines::call_stub

---------------  P R O C E S S  ---------------

Java Threads: ( => current thread )
  0x00000000171a1000 JavaThread "Abandoned connection cleanup thread" daemon [_thread_blocked, id=7780, stack(0x000000001b810000,0x000000001b910000)]
  0x00000000171a0000 JavaThread "Tomcat JDBC Pool Cleaner[414493378:1550186625955]" daemon [_thread_blocked, id=7352, stack(0x000000001b710000,0x000000001b810000)]
  0x0000000016399800 JavaThread "FileSystemWatcher: files=#123 cl=sun.misc.Launcher$AppClassLoader@18b4aac2" daemon [_thread_blocked, id=3804, stack(0x0000000016d30000,0x0000000016e30000)]
  0x00000000162cf000 JavaThread "Service Thread" daemon [_thread_blocked, id=8664, stack(0x0000000016a30000,0x0000000016b30000)]
  0x00000000161e6800 JavaThread "C1 CompilerThread2" daemon [_thread_blocked, id=9128, stack(0x0000000016930000,0x0000000016a30000)]
  0x00000000161b1000 JavaThread "C2 CompilerThread1" daemon [_thread_blocked, id=3188, stack(0x0000000016830000,0x0000000016930000)]
  0x0000000016178000 JavaThread "C2 CompilerThread0" daemon [_thread_blocked, id=2672, stack(0x0000000016730000,0x0000000016830000)]
  0x0000000014b10800 JavaThread "Attach Listener" daemon [_thread_blocked, id=8120, stack(0x0000000015a30000,0x0000000015b30000)]
  0x0000000014b0b800 JavaThread "Signal Dispatcher" daemon [_thread_blocked, id=1204, stack(0x0000000015930000,0x0000000015a30000)]
  0x0000000014af1800 JavaThread "Finalizer" daemon [_thread_blocked, id=3872, stack(0x0000000015730000,0x0000000015830000)]
  0x0000000014ac8000 JavaThread "Reference Handler" daemon [_thread_blocked, id=2384, stack(0x0000000015630000,0x0000000015730000)]
=>0x0000000002dda800 JavaThread "main" [_thread_in_vm, id=6372, stack(0x0000000002cd0000,0x0000000002dd0000)]

Other Threads:
  0x0000000014ac7000 VMThread [stack: 0x0000000015530000,0x0000000015630000] [id=2680]
  0x000000001625d800 WatcherThread [stack: 0x0000000016c30000,0x0000000016d30000] [id=4684]

VM state:not at safepoint (normal execution)

VM Mutex/Monitor currently owned by a thread: None

Heap:
 PSYoungGen      total 222208K, used 220607K [0x00000000f0000000, 0x0000000100000000, 0x0000000100000000)
  eden space 183296K, 99% used [0x00000000f0000000,0x00000000fb195298,0x00000000fb300000)
  from space 38912K, 99% used [0x00000000fb300000,0x00000000fd8dad28,0x00000000fd900000)
  to   space 39936K, 0% used [0x00000000fd900000,0x00000000fd900000,0x0000000100000000)
 ParOldGen       total 524288K, used 49790K [0x00000000d0000000, 0x00000000f0000000, 0x00000000f0000000)
  object space 524288K, 9% used [0x00000000d0000000,0x00000000d309fb80,0x00000000f0000000)
 Metaspace       used 50191K, capacity 51376K, committed 51624K, reserved 1095680K
  class space    used 5246K, capacity 5541K, committed 5552K, reserved 1048576K

Card table byte_map: [0x0000000012390000,0x0000000012520000] byte_map_base: 0x0000000011d10000

Marking Bits: (ParMarkBitMap*) 0x000000006ff2f860
 Begin Bits: [0x0000000012820000, 0x0000000013420000)
 End Bits:   [0x0000000013420000, 0x0000000014020000)

Polling page: 0x0000000000fe0000

CodeCache: size=245760Kb used=12114Kb max_used=12114Kb free=233645Kb
 bounds [0x0000000002fd0000, 0x0000000003bb0000, 0x0000000011fd0000]
 total_blobs=5516 nmethods=4840 adapters=588
 compilation: enabled

Compilation events (10 events):
Event: 92.297 Thread 0x00000000161e6800 4919       1       org.grails.orm.hibernate.cfg.PropertyConfig::getColumns (5 bytes)
Event: 92.297 Thread 0x00000000161e6800 nmethod 4919 0x0000000003ba4e10 code [0x0000000003ba4f60, 0x0000000003ba5070]
Event: 92.358 Thread 0x00000000161e6800 4921       1       org.springsource.loaded.ri.MethodProvider::create (9 bytes)
Event: 92.359 Thread 0x00000000161e6800 nmethod 4921 0x0000000003ba50d0 code [0x0000000003ba5240, 0x0000000003ba5408]
Event: 92.359 Thread 0x00000000161e6800 4922       1       org.springsource.loaded.ri.ReloadableTypeMethodProvider::<init> (30 bytes)
Event: 92.360 Thread 0x00000000161e6800 nmethod 4922 0x0000000003ba54d0 code [0x0000000003ba5660, 0x0000000003ba5a58]
Event: 92.360 Thread 0x00000000161e6800 4923   !   1       org.codehaus.groovy.runtime.callsite.ConstructorSite$ConstructorSiteNoUnwrapNoCoerce::callConstructor (31 bytes)
Event: 92.361 Thread 0x00000000161e6800 nmethod 4923 0x0000000003ba5d10 code [0x0000000003ba5ea0, 0x0000000003ba6108]
Event: 92.665 Thread 0x00000000161e6800 4924       1       org.springsource.loaded.TypeRewriter$RewriteClassAdaptor::access$400 (5 bytes)
Event: 92.665 Thread 0x00000000161e6800 nmethod 4924 0x0000000003ba62d0 code [0x0000000003ba6420, 0x0000000003ba6510]

GC Heap History (10 events):
Event: 62.444 GC heap before
{Heap before GC invocations=11 (full 2):
 PSYoungGen      total 238080K, used 222984K [0x00000000f0000000, 0x0000000100000000, 0x0000000100000000)
  eden space 218112K, 96% used [0x00000000f0000000,0x00000000fce630d0,0x00000000fd500000)
  from space 19968K, 58% used [0x00000000fec80000,0x00000000ff7df2f8,0x0000000100000000)
  to   space 22016K, 0% used [0x00000000fd500000,0x00000000fd500000,0x00000000fea80000)
 ParOldGen       total 524288K, used 33699K [0x00000000d0000000, 0x00000000f0000000, 0x00000000f0000000)
  object space 524288K, 6% used [0x00000000d0000000,0x00000000d20e8f60,0x00000000f0000000)
 Metaspace       used 39053K, capacity 39716K, committed 39848K, reserved 1085440K
  class space    used 3863K, capacity 3993K, committed 4016K, reserved 1048576K
Event: 62.506 GC heap after
Heap after GC invocations=11 (full 2):
 PSYoungGen      total 235520K, used 16969K [0x00000000f0000000, 0x0000000100000000, 0x0000000100000000)
  eden space 218112K, 0% used [0x00000000f0000000,0x00000000f0000000,0x00000000fd500000)
  from space 17408K, 97% used [0x00000000fd500000,0x00000000fe5927e0,0x00000000fe600000)
  to   space 22528K, 0% used [0x00000000fea00000,0x00000000fea00000,0x0000000100000000)
 ParOldGen       total 524288K, used 33699K [0x00000000d0000000, 0x00000000f0000000, 0x00000000f0000000)
  object space 524288K, 6% used [0x00000000d0000000,0x00000000d20e8f60,0x00000000f0000000)
 Metaspace       used 39053K, capacity 39716K, committed 39848K, reserved 1085440K
  class space    used 3863K, capacity 3993K, committed 4016K, reserved 1048576K
}
Event: 67.178 GC heap before
{Heap before GC invocations=12 (full 2):
 PSYoungGen      total 235520K, used 235081K [0x00000000f0000000, 0x0000000100000000, 0x0000000100000000)
  eden space 218112K, 100% used [0x00000000f0000000,0x00000000fd500000,0x00000000fd500000)
  from space 17408K, 97% used [0x00000000fd500000,0x00000000fe5927e0,0x00000000fe600000)
  to   space 22528K, 0% used [0x00000000fea00000,0x00000000fea00000,0x0000000100000000)
 ParOldGen       total 524288K, used 33699K [0x00000000d0000000, 0x00000000f0000000, 0x00000000f0000000)
  object space 524288K, 6% used [0x00000000d0000000,0x00000000d20e8f60,0x00000000f0000000)
 Metaspace       used 40939K, capacity 41686K, committed 42024K, reserved 1087488K
  class space    used 4097K, capacity 4280K, committed 4400K, reserved 1048576K
Event: 67.344 GC heap after
Heap after GC invocations=12 (full 2):
 PSYoungGen      total 222208K, used 22526K [0x00000000f0000000, 0x0000000100000000, 0x0000000100000000)
  eden space 199680K, 0% used [0x00000000f0000000,0x00000000f0000000,0x00000000fc300000)
  from space 22528K, 99% used [0x00000000fea00000,0x00000000fffff8f0,0x0000000100000000)
  to   space 31232K, 0% used [0x00000000fc300000,0x00000000fc300000,0x00000000fe180000)
 ParOldGen       total 524288K, used 49782K [0x00000000d0000000, 0x00000000f0000000, 0x00000000f0000000)
  object space 524288K, 9% used [0x00000000d0000000,0x00000000d309db80,0x00000000f0000000)
 Metaspace       used 40939K, capacity 41686K, committed 42024K, reserved 1087488K
  class space    used 4097K, capacity 4280K, committed 4400K, reserved 1048576K
}
Event: 76.779 GC heap before
{Heap before GC invocations=13 (full 2):
 PSYoungGen      total 222208K, used 222206K [0x00000000f0000000, 0x0000000100000000, 0x0000000100000000)
  eden space 199680K, 100% used [0x00000000f0000000,0x00000000fc300000,0x00000000fc300000)
  from space 22528K, 99% used [0x00000000fea00000,0x00000000fffff8f0,0x0000000100000000)
  to   space 31232K, 0% used [0x00000000fc300000,0x00000000fc300000,0x00000000fe180000)
 ParOldGen       total 524288K, used 49782K [0x00000000d0000000, 0x00000000f0000000, 0x00000000f0000000)
  object space 524288K, 9% used [0x00000000d0000000,0x00000000d309db80,0x00000000f0000000)
 Metaspace       used 42508K, capacity 43426K, committed 43560K, reserved 1087488K
  class space    used 4401K, capacity 4604K, committed 4656K, reserved 1048576K
Event: 76.919 GC heap after
Heap after GC invocations=13 (full 2):
 PSYoungGen      total 227840K, used 27896K [0x00000000f0000000, 0x0000000100000000, 0x0000000100000000)
  eden space 199680K, 0% used [0x00000000f0000000,0x00000000f0000000,0x00000000fc300000)
  from space 28160K, 99% used [0x00000000fc300000,0x00000000fde3e238,0x00000000fde80000)
  to   space 34304K, 0% used [0x00000000fde80000,0x00000000fde80000,0x0000000100000000)
 ParOldGen       total 524288K, used 49782K [0x00000000d0000000, 0x00000000f0000000, 0x00000000f0000000)
  object space 524288K, 9% used [0x00000000d0000000,0x00000000d309db80,0x00000000f0000000)
 Metaspace       used 42508K, capacity 43426K, committed 43560K, reserved 1087488K
  class space    used 4401K, capacity 4604K, committed 4656K, reserved 1048576K
}
Event: 83.309 GC heap before
{Heap before GC invocations=14 (full 2):
 PSYoungGen      total 227840K, used 227576K [0x00000000f0000000, 0x0000000100000000, 0x0000000100000000)
  eden space 199680K, 100% used [0x00000000f0000000,0x00000000fc300000,0x00000000fc300000)
  from space 28160K, 99% used [0x00000000fc300000,0x00000000fde3e238,0x00000000fde80000)
  to   space 34304K, 0% used [0x00000000fde80000,0x00000000fde80000,0x0000000100000000)
 ParOldGen       total 524288K, used 49782K [0x00000000d0000000, 0x00000000f0000000, 0x00000000f0000000)
  object space 524288K, 9% used [0x00000000d0000000,0x00000000d309db80,0x00000000f0000000)
 Metaspace       used 45405K, capacity 46374K, committed 46632K, reserved 1091584K
  class space    used 4813K, capacity 5046K, committed 5168K, reserved 1048576K
Event: 83.563 GC heap after
Heap after GC invocations=14 (full 2):
 PSYoungGen      total 217600K, used 34211K [0x00000000f0000000, 0x0000000100000000, 0x0000000100000000)
  eden space 183296K, 0% used [0x00000000f0000000,0x00000000f0000000,0x00000000fb300000)
  from space 34304K, 99% used [0x00000000fde80000,0x00000000fffe8c18,0x0000000100000000)
  to   space 39424K, 0% used [0x00000000fb300000,0x00000000fb300000,0x00000000fd980000)
 ParOldGen       total 524288K, used 49782K [0x00000000d0000000, 0x00000000f0000000, 0x00000000f0000000)
  object space 524288K, 9% used [0x00000000d0000000,0x00000000d309db80,0x00000000f0000000)
 Metaspace       used 45405K, capacity 46374K, committed 46632K, reserved 1091584K
  class space    used 4813K, capacity 5046K, committed 5168K, reserved 1048576K
}
Event: 89.116 GC heap before
{Heap before GC invocations=15 (full 2):
 PSYoungGen      total 217600K, used 217507K [0x00000000f0000000, 0x0000000100000000, 0x0000000100000000)
  eden space 183296K, 100% used [0x00000000f0000000,0x00000000fb300000,0x00000000fb300000)
  from space 34304K, 99% used [0x00000000fde80000,0x00000000fffe8c18,0x0000000100000000)
  to   space 39424K, 0% used [0x00000000fb300000,0x00000000fb300000,0x00000000fd980000)
 ParOldGen       total 524288K, used 49782K [0x00000000d0000000, 0x00000000f0000000, 0x00000000f0000000)
  object space 524288K, 9% used [0x00000000d0000000,0x00000000d309db80,0x00000000f0000000)
 Metaspace       used 48606K, capacity 49622K, committed 49704K, reserved 1093632K
  class space    used 5130K, capacity 5375K, committed 5424K, reserved 1048576K
Event: 89.289 GC heap after
Heap after GC invocations=15 (full 2):
 PSYoungGen      total 222208K, used 38763K [0x00000000f0000000, 0x0000000100000000, 0x0000000100000000)
  eden space 183296K, 0% used [0x00000000f0000000,0x00000000f0000000,0x00000000fb300000)
  from space 38912K, 99% used [0x00000000fb300000,0x00000000fd8dad28,0x00000000fd900000)
  to   space 39936K, 0% used [0x00000000fd900000,0x00000000fd900000,0x0000000100000000)
 ParOldGen       total 524288K, used 49790K [0x00000000d0000000, 0x00000000f0000000, 0x00000000f0000000)
  object space 524288K, 9% used [0x00000000d0000000,0x00000000d309fb80,0x00000000f0000000)
 Metaspace       used 48606K, capacity 49622K, committed 49704K, reserved 1093632K
  class space    used 5130K, capacity 5375K, committed 5424K, reserved 1048576K
}

Deoptimization events (0 events):
No events

Classes redefined (0 events):
No events

Internal exceptions (10 events):
Event: 92.447 Thread 0x0000000002dda800 Exception <a 'java/lang/ArrayIndexOutOfBoundsException'> (0x00000000fac74720) thrown at [C:\re\workspace\8-2-build-windows-amd64-cygwin\jdk8u161\10277\hotspot\src\share\vm\runtime\sharedRuntime.cpp, line 605]
Event: 92.447 Thread 0x0000000002dda800 Exception <a 'java/lang/ArrayIndexOutOfBoundsException'> (0x00000000fac82f30) thrown at [C:\re\workspace\8-2-build-windows-amd64-cygwin\jdk8u161\10277\hotspot\src\share\vm\runtime\sharedRuntime.cpp, line 605]
Event: 92.447 Thread 0x0000000002dda800 Exception <a 'java/lang/ArrayIndexOutOfBoundsException'> (0x00000000fac86df0) thrown at [C:\re\workspace\8-2-build-windows-amd64-cygwin\jdk8u161\10277\hotspot\src\share\vm\runtime\sharedRuntime.cpp, line 605]
Event: 92.449 Thread 0x0000000002dda800 Exception <a 'java/lang/ArrayIndexOutOfBoundsException'> (0x00000000fac912f0) thrown at [C:\re\workspace\8-2-build-windows-amd64-cygwin\jdk8u161\10277\hotspot\src\share\vm\runtime\sharedRuntime.cpp, line 605]
Event: 92.449 Thread 0x0000000002dda800 Exception <a 'java/lang/ArrayIndexOutOfBoundsException'> (0x00000000fac9a2e0) thrown at [C:\re\workspace\8-2-build-windows-amd64-cygwin\jdk8u161\10277\hotspot\src\share\vm\runtime\sharedRuntime.cpp, line 605]
Event: 92.449 Thread 0x0000000002dda800 Exception <a 'java/lang/ArrayIndexOutOfBoundsException'> (0x00000000faca01e0) thrown at [C:\re\workspace\8-2-build-windows-amd64-cygwin\jdk8u161\10277\hotspot\src\share\vm\runtime\sharedRuntime.cpp, line 605]
Event: 92.678 Thread 0x0000000002dda800 Exception <a 'java/lang/reflect/InvocationTargetException'> (0x00000000faeda9e0) thrown at [C:\re\workspace\8-2-build-windows-amd64-cygwin\jdk8u161\10277\hotspot\src\share\vm\runtime\reflection.cpp, line 1092]
Event: 92.703 Thread 0x0000000002dda800 Exception <a 'java/lang/ArrayIndexOutOfBoundsException'> (0x00000000faf5c100) thrown at [C:\re\workspace\8-2-build-windows-amd64-cygwin\jdk8u161\10277\hotspot\src\share\vm\runtime\sharedRuntime.cpp, line 605]
Event: 92.704 Thread 0x0000000002dda800 Exception <a 'java/lang/ArrayIndexOutOfBoundsException'> (0x00000000faf5d718) thrown at [C:\re\workspace\8-2-build-windows-amd64-cygwin\jdk8u161\10277\hotspot\src\share\vm\runtime\sharedRuntime.cpp, line 605]
Event: 92.704 Thread 0x0000000002dda800 Exception <a 'java/lang/ArrayIndexOutOfBoundsException'> (0x00000000faf5f040) thrown at [C:\re\workspace\8-2-build-windows-amd64-cygwin\jdk8u161\10277\hotspot\src\share\vm\runtime\sharedRuntime.cpp, line 605]

Events (10 events):
Event: 92.689 loading class sun/util/resources/TimeZoneNamesBundle done
Event: 92.690 loading class sun/util/resources/TimeZoneNames done
Event: 92.690 loading class sun/util/resources/en/TimeZoneNames_en
Event: 92.690 loading class sun/util/resources/en/TimeZoneNames_en done
Event: 92.697 loading class java/util/AbstractMap$1$1
Event: 92.697 loading class java/util/AbstractMap$1$1 done
Event: 92.697 loading class org/springframework/util/ConcurrentReferenceHashMap$EntrySet
Event: 92.697 loading class org/springframework/util/ConcurrentReferenceHashMap$EntrySet done
Event: 92.700 loading class org/springframework/util/ConcurrentReferenceHashMap$EntryIterator
Event: 92.700 loading class org/springframework/util/ConcurrentReferenceHashMap$EntryIterator done


Dynamic libraries:
0x00007ff791ed0000 - 0x00007ff791f07000 	C:\Program Files\Java\jdk1.8.0_161\bin\java.exe
0x00007ffadd750000 - 0x00007ffadd911000 	C:\Windows\SYSTEM32\ntdll.dll
0x00007ffadd6a0000 - 0x00007ffadd74d000 	C:\Windows\system32\KERNEL32.DLL
0x00007ffada7b0000 - 0x00007ffada998000 	C:\Windows\system32\KERNELBASE.dll
0x00007ffadacc0000 - 0x00007ffadad67000 	C:\Windows\system32\ADVAPI32.dll
0x00007ffadcae0000 - 0x00007ffadcb7d000 	C:\Windows\system32\msvcrt.dll
0x00007ffadcd80000 - 0x00007ffadcddb000 	C:\Windows\system32\sechost.dll
0x00007ffadcde0000 - 0x00007ffadcefd000 	C:\Windows\system32\RPCRT4.dll
0x00007ffadaff0000 - 0x00007ffadb146000 	C:\Windows\system32\USER32.dll
0x00007ffadd350000 - 0x00007ffadd4d7000 	C:\Windows\system32\GDI32.dll
0x00007ffacb120000 - 0x00007ffacb394000 	C:\Windows\WinSxS\amd64_microsoft.windows.common-controls_6595b64144ccf1df_6.0.10586.839_none_a2ddba30a539a2ae\COMCTL32.dll
0x00007ffadcfa0000 - 0x00007ffadd21e000 	C:\Windows\system32\combase.dll
0x00007ffada0f0000 - 0x00007ffada15a000 	C:\Windows\system32\bcryptPrimitives.dll
0x00007ffadcd40000 - 0x00007ffadcd7b000 	C:\Windows\system32\IMM32.DLL
0x000000006ffb0000 - 0x0000000070082000 	C:\Program Files\Java\jdk1.8.0_161\jre\bin\msvcr100.dll
0x000000006f710000 - 0x000000006ffaf000 	C:\Program Files\Java\jdk1.8.0_161\jre\bin\server\jvm.dll
0x00007ffadd690000 - 0x00007ffadd698000 	C:\Windows\system32\PSAPI.DLL
0x00007ffad6130000 - 0x00007ffad6139000 	C:\Windows\SYSTEM32\WSOCK32.dll
0x00007ffadcf10000 - 0x00007ffadcf7b000 	C:\Windows\system32\WS2_32.dll
0x00007ffad7cb0000 - 0x00007ffad7cd3000 	C:\Windows\SYSTEM32\WINMM.dll
0x00007ffad56b0000 - 0x00007ffad56ba000 	C:\Windows\SYSTEM32\VERSION.dll
0x00007ffad7c50000 - 0x00007ffad7c7c000 	C:\Windows\SYSTEM32\WINMMBASE.dll
0x00007ffad9ed0000 - 0x00007ffad9f13000 	C:\Windows\system32\cfgmgr32.dll
0x000000006f700000 - 0x000000006f70f000 	C:\Program Files\Java\jdk1.8.0_161\jre\bin\verify.dll
0x000000006f6d0000 - 0x000000006f6f9000 	C:\Program Files\Java\jdk1.8.0_161\jre\bin\java.dll
0x000000006f630000 - 0x000000006f653000 	C:\Program Files\Java\jdk1.8.0_161\jre\bin\instrument.dll
0x000000006f6b0000 - 0x000000006f6c6000 	C:\Program Files\Java\jdk1.8.0_161\jre\bin\zip.dll
0x00007ffadb580000 - 0x00007ffadcadc000 	C:\Windows\system32\SHELL32.dll
0x00007ffada160000 - 0x00007ffada7a5000 	C:\Windows\system32\windows.storage.dll
0x00007ffadd220000 - 0x00007ffadd272000 	C:\Windows\system32\shlwapi.dll
0x00007ffad9df0000 - 0x00007ffad9dff000 	C:\Windows\system32\kernel.appcore.dll
0x00007ffadaa90000 - 0x00007ffadab45000 	C:\Windows\system32\shcore.dll
0x00007ffad9d70000 - 0x00007ffad9dbb000 	C:\Windows\system32\powrprof.dll
0x00007ffad9dc0000 - 0x00007ffad9dd4000 	C:\Windows\system32\profapi.dll
0x000000006f690000 - 0x000000006f6aa000 	C:\Program Files\Java\jdk1.8.0_161\jre\bin\net.dll
0x00007ffad9640000 - 0x00007ffad969c000 	C:\Windows\system32\mswsock.dll
0x00007fface9c0000 - 0x00007fface9d6000 	C:\Windows\system32\napinsp.dll
0x00007fface9e0000 - 0x00007fface9fa000 	C:\Windows\system32\pnrpnsp.dll
0x00007ffad7e40000 - 0x00007ffad7e58000 	C:\Windows\system32\NLAapi.dll
0x00007ffad87b0000 - 0x00007ffad885a000 	C:\Windows\SYSTEM32\DNSAPI.dll
0x00007ffadcf00000 - 0x00007ffadcf08000 	C:\Windows\system32\NSI.dll
0x00007ffacee30000 - 0x00007ffacee3d000 	C:\Windows\System32\winrnr.dll
0x00007ffad0880000 - 0x00007ffad088a000 	C:\Windows\System32\rasadhlp.dll
0x00007ffad66c0000 - 0x00007ffad66f8000 	C:\Windows\SYSTEM32\IPHLPAPI.DLL
0x00007ffad5a00000 - 0x00007ffad5a67000 	C:\Windows\System32\fwpuclnt.dll
0x00007ffad9ca0000 - 0x00007ffad9cc9000 	C:\Windows\SYSTEM32\bcrypt.dll
0x000000006f660000 - 0x000000006f66d000 	C:\Program Files\Java\jdk1.8.0_161\jre\bin\management.dll
0x000000006f670000 - 0x000000006f681000 	C:\Program Files\Java\jdk1.8.0_161\jre\bin\nio.dll
0x00007ffad7590000 - 0x00007ffad771c000 	C:\Windows\SYSTEM32\dbghelp.dll

VM Arguments:
jvm_args: -Dendpoints.shutdown.enabled=true -Denv=development -Dfull.stacktrace=false -Dgrails.env=development -Dgrails.full.stacktrace=false -Dinfo.app.grailsVersion=3.3.8 -Dinfo.app.name=sverse-web -Dinfo.app.version=0.1 -Djdk.reflect.allowGetCallerClass=true -Drun.active=true -Dspring.output.ansi.enabled=always -Dspringloaded=inclusions=grails.plugins..*;synchronize=true;allowSplitPackages=true;cacheDir=C:\Users\Pereira\sverse-web\build\springloaded -Dverbose=false -XX:+TieredCompilation -XX:TieredStopAtLevel=1 -XX:CICompilerCount=3 -javaagent:C:\Users\Pereira\.gradle\caches\modules-2\files-2.1\org.springframework\springloaded\1.2.8.RELEASE\b60bac05b0451cdc1863bfec617f39aa0dcaaa43\springloaded-1.2.8.RELEASE.jar -Xverify:none -Xms768m -Xmx768m -Dfile.encoding=windows-1252 -Duser.country=BR -Duser.language=pt -Duser.variant 
java_command: sverseweb.Application
java_class_path (initial): C:\Users\Pereira\sverse-web\src\main\resources;C:\Users\Pereira\sverse-web\grails-app\views;C:\Users\Pereira\sverse-web\grails-app\i18n;C:\Users\Pereira\sverse-web\grails-app\conf;C:\Users\Pereira\sverse-web\build\classes\main;C:\Users\Pereira\sverse-web\build\resources\main;C:\Users\Pereira\sverse-web\gsp-classes;C:\Users\Pereira\.gradle\caches\modules-2\files-2.1\org.springframework.boot\spring-boot-starter-logging\1.5.15.RELEASE\3a0d1b63705bb75ac54884c6c169b1e1908f1375\spring-boot-starter-logging-1.5.15.RELEASE.jar;C:\Users\Pereira\.gradle\caches\modules-2\files-2.1\org.springframework.boot\spring-boot-autoconfigure\1.5.15.RELEASE\9cb093e335fc58e61581edcb959813b62731ef8e\spring-boot-autoconfigure-1.5.15.RELEASE.jar;C:\Users\Pereira\.gradle\caches\modules-2\files-2.1\org.grails\grails-core\3.3.8\d535a1f07ed1a1ce388bc18c8b63a3f3abd1aeee\grails-core-3.3.8.jar;C:\Users\Pereira\.gradle\caches\modules-2\files-2.1\org.springframework.boot\spring-boot-starter-actuator\1.5.15.RELEASE\2f2e793c6c4592d99e58cf0668d1fcf2a84247f2\spring-boot-starter-actuator-1.5.15.RELEASE.jar;C:\Users\Pereira\.gradle\caches\modules-2\files-2.1\org.grails\grails-web-boot\3.3.8\173becb00d5a1d7cb1f1a44533d9ca8efd9843a\grails-web-boot-3.3.8.jar;C:\Users\Pereira\.gradle\caches\modules-2\files-2.1\org.grails\grails-logging\3.3.8\2c8647c42d85b7708d239ba3b2c2b422514f4fe9\grails-logging-3.3.8.jar;C:\Users\Pereira\.gradle\caches\modules-2\files-2.1\org.grails\grails-plugin-rest\3.3.8\8c6bc7985e3941e60336443e9f833b29ec573451\grails-plugin-rest-3.3.8.jar;C:\Users\Pereira\.gradle\caches\modules-2\files-2.1\org.grails\grails-plugin-databinding\3.3.8\5dfc9e914c81c413ebf432e1c5459794ce673291\grails-plugin-databinding-3.3.8.jar;C:\Users\Pereira\.gradle\caches\modules-2\files-2.1\org.grails\grails-plugin-i18n\3.3.8\a01c648c61520a89dcbe57b57656ed8d98995852\grails-plugin-i18n-3.3.8.jar;C:\Users\Pereira\.gradle\caches\modules-2\files-2.1\org.grails\grails-plugin-services\3.3.8\3cb9c7df
Launcher Type: SUN_STANDARD

Environment Variables:
JAVA_HOME=C:\Program Files\Java\jdk1.8.0_161
PATH=C:\ProgramData\Oracle\Java\javapath;C:\Windows\system32;C:\Windows;C:\Windows\System32\Wbem;C:\Windows\System32\WindowsPowerShell\v1.0\;C:\Program Files (x86)\ATI Technologies\ATI.ACE\Core-Static;C:\Program Files\Java\jdk1.8.0_161\bin;C:\Program Files (x86)\grails-3.3.8\bin;C:\Program Files (x86)\apache-groovy-sdk-2.5.3\bin;C:\Program Files (x86)\Git\cmd
USERNAME=Pereira
OS=Windows_NT
PROCESSOR_IDENTIFIER=AMD64 Family 20 Model 2 Stepping 0, AuthenticAMD



---------------  S Y S T E M  ---------------

OS: Windows 10.0 , 64 bit Build 10586 (10.0.10586.589)

CPU:total 2 (initial active 2) (2 cores per cpu, 1 threads per core) family 20 model 2 stepping 0, cmov, cx8, fxsr, mmx, sse, sse2, sse3, ssse3, popcnt, mmxext, lzcnt, sse4a, tsc, tscinvbit, tscinv

Memory: 4k page, physical 3780600k(401836k free), swap 8250752k(920724k free)

vm_info: Java HotSpot(TM) 64-Bit Server VM (25.161-b12) for windows-amd64 JRE (1.8.0_161-b12), built on Dec 19 2017 17:52:25 by "java_re" with MS VC++ 10.0 (VS2010)

time: Thu Feb 14 21:23:51 2019
elapsed time: 93 seconds (0d 0h 1m 33s)

