#
# A fatal error has been detected by the Java Runtime Environment:
#
#  EXCEPTION_ACCESS_VIOLATION (0xc0000005) at pc=0x02653c8c, pid=6116, tid=0x00000824
#
# JRE version: Java(TM) SE Runtime Environment (8.0_191-b12) (build 1.8.0_191-b12)
# Java VM: Java HotSpot(TM) Client VM (25.191-b12 mixed mode windows-x86 )
# Problematic frame:
# j  org.springframework.boot.SpringApplication.getExitCodeFromExitCodeGeneratorException(Ljava/lang/Throwable;)I+0
#
# Failed to write core dump. Minidumps are not enabled by default on client versions of Windows
#
# If you would like to submit a bug report, please visit:
#   http://bugreport.java.com/bugreport/crash.jsp
#

---------------  T H R E A D  ---------------

Current thread (0x023b4800):  JavaThread "main" [_thread_in_Java, id=2084, stack(0x02310000,0x02360000)]

siginfo: ExceptionCode=0xc0000005, reading address 0xcccccccc

Registers:
EAX=0x36c27e18, EBX=0x0000039f, ECX=0x00000010, EDX=0x7416c850
ESP=0x0235f3e8, EBP=0x0235f40c, ESI=0x36c24217, EDI=0xcccccccc
EIP=0x02653c8c, EFLAGS=0x00010246

Top of Stack: (sp=0x0235f3e8)
0x0235f3e8:   0235f418 0235f3ec 36c24210 0235f418
0x0235f3f8:   36c25c10 00000000 36c24258 00000000
0x0235f408:   0235f414 0235f43c 026444f0 0235dd4c
0x0235f418:   14b64fd0 0235f41c 36c2422c 0235f448
0x0235f428:   36c25c10 00000000 36c24258 0235f414
0x0235f438:   0235f444 0235f46c 026444f0 0f658a68
0x0235f448:   14b64fd0 0235f44c 36c2422c 0235f478
0x0235f458:   36c25c10 00000000 36c24258 0235f444 

Instructions: (pc=0x02653c8c)
0x02653c6c:   d0 0f 84 31 00 00 00 8b 48 08 3b 04 0a 0f 84 25
0x02653c7c:   00 00 00 83 f9 10 0f 85 18 00 00 00 57 8b 7a 14
0x02653c8c:   8b 0f 83 c7 04 85 c0 f2 af 5f 75 08 89 42 10 e9
0x02653c9c:   04 00 00 00 33 c0 eb 05 b8 01 00 00 00 0f b6 5e 


Register to memory mapping:

EAX=0x36c27e18 is pointing into metadata
EBX=0x0000039f is an unknown value
ECX=0x00000010 is an unknown value
EDX=0x7416c850 is an unknown value
ESP=0x0235f3e8 is pointing into the stack for thread: 0x023b4800
EBP=0x0235f40c is pointing into the stack for thread: 0x023b4800
ESI=0x36c24217 is pointing into metadata
EDI=0xcccccccc is an unknown value


Stack: [0x02310000,0x02360000],  sp=0x0235f3e8,  free space=316k
Native frames: (J=compiled Java code, j=interpreted, Vv=VM code, C=native code)
j  org.springframework.boot.SpringApplication.getExitCodeFromExitCodeGeneratorException(Ljava/lang/Throwable;)I+0
j  org.springframework.boot.SpringApplication.getExitCodeFromExitCodeGeneratorException(Ljava/lang/Throwable;)I+28
j  org.springframework.boot.SpringApplication.getExitCodeFromExitCodeGeneratorException(Ljava/lang/Throwable;)I+28
j  org.springframework.boot.SpringApplication.getExitCodeFromExitCodeGeneratorException(Ljava/lang/Throwable;)I+28
j  org.springframework.boot.SpringApplication.getExitCodeFromExitCodeGeneratorException(Ljava/lang/Throwable;)I+28
j  org.springframework.boot.SpringApplication.getExitCodeFromException(Lorg/springframework/context/ConfigurableApplicationContext;Ljava/lang/Throwable;)I+13
j  org.springframework.boot.SpringApplication.handleExitCode(Lorg/springframework/context/ConfigurableApplicationContext;Ljava/lang/Throwable;)V+3
j  org.springframework.boot.SpringApplication.handleRunFailure(Lorg/springframework/context/ConfigurableApplicationContext;Lorg/springframework/boot/SpringApplicationRunListeners;Lorg/springframework/boot/diagnostics/FailureAnalyzers;Ljava/lang/Throwable;)V+4
j  org.springframework.boot.SpringApplication.run([Ljava/lang/String;)Lorg/springframework/context/ConfigurableApplicationContext;+150
j  grails.boot.GrailsApp.run([Ljava/lang/String;)Lorg/springframework/context/ConfigurableApplicationContext;+2
j  grails.boot.GrailsApp.run([Ljava/lang/Object;[Ljava/lang/String;)Lorg/springframework/context/ConfigurableApplicationContext;+43
j  grails.boot.GrailsApp.run(Ljava/lang/Object;[Ljava/lang/String;)Lorg/springframework/context/ConfigurableApplicationContext;+9
j  grails.boot.GrailsApp$run.call(Ljava/lang/Object;[Ljava/lang/Object;)Ljava/lang/Object;+18
j  org.codehaus.groovy.runtime.callsite.CallSiteArray.defaultCall(Lorg/codehaus/groovy/runtime/callsite/CallSite;Ljava/lang/Object;[Ljava/lang/Object;)Ljava/lang/Object;+8
j  org.codehaus.groovy.runtime.callsite.AbstractCallSite.call(Ljava/lang/Object;[Ljava/lang/Object;)Ljava/lang/Object;+3
j  org.codehaus.groovy.runtime.callsite.AbstractCallSite.call(Ljava/lang/Object;Ljava/lang/Object;Ljava/lang/Object;)Ljava/lang/Object;+38
j  sverseweb.Application.main([Ljava/lang/String;)V+57
v  ~StubRoutines::call_stub
V  [jvm.dll+0x15c315]
V  [jvm.dll+0x223ece]
V  [jvm.dll+0x15c3ae]
V  [jvm.dll+0xddb27]
V  [jvm.dll+0xe60bf]
C  [java.exe+0x2363]
C  [java.exe+0xb03f]
C  [java.exe+0xb0c9]
C  [KERNEL32.DLL+0x138f4]
C  [ntdll.dll+0x65e13]
C  [ntdll.dll+0x65dde]
C  0x00000000


---------------  P R O C E S S  ---------------

Java Threads: ( => current thread )
  0x377b7800 JavaThread "Abandoned connection cleanup thread" daemon [_thread_blocked, id=6916, stack(0x02360000,0x023b0000)]
  0x377b7000 JavaThread "Tomcat JDBC Pool Cleaner[11840194:1550170867878]" daemon [_thread_blocked, id=332, stack(0x00950000,0x009a0000)]
  0x35971000 JavaThread "FileSystemWatcher: files=#105 cl=sun.misc.Launcher$AppClassLoader@b4aac2" daemon [_thread_blocked, id=6076, stack(0x36250000,0x362a0000)]
  0x358fd000 JavaThread "Service Thread" daemon [_thread_blocked, id=4432, stack(0x36130000,0x36180000)]
  0x35851000 JavaThread "C1 CompilerThread2" daemon [_thread_blocked, id=3480, stack(0x360a0000,0x360f0000)]
  0x35865800 JavaThread "C1 CompilerThread1" daemon [_thread_blocked, id=2532, stack(0x36010000,0x36060000)]
  0x3580d000 JavaThread "C1 CompilerThread0" daemon [_thread_blocked, id=4980, stack(0x35f80000,0x35fd0000)]
  0x34db5c00 JavaThread "Attach Listener" daemon [_thread_blocked, id=6052, stack(0x352f0000,0x35340000)]
  0x34db4c00 JavaThread "Signal Dispatcher" daemon [_thread_blocked, id=2272, stack(0x35260000,0x352b0000)]
  0x34d93c00 JavaThread "Finalizer" daemon [_thread_blocked, id=2928, stack(0x350d0000,0x35120000)]
  0x34d91800 JavaThread "Reference Handler" daemon [_thread_blocked, id=1764, stack(0x35040000,0x35090000)]
=>0x023b4800 JavaThread "main" [_thread_in_Java, id=2084, stack(0x02310000,0x02360000)]

Other Threads:
  0x34d7c000 VMThread [stack: 0x34fb0000,0x35000000] [id=5304]
  0x35879400 WatcherThread [stack: 0x361c0000,0x36210000] [id=4760]

VM state:synchronizing (normal execution)

VM Mutex/Monitor currently owned by a thread:  ([mutex/lock_event])
[0x023b32c8] Safepoint_lock - owner thread: 0x34d7c000
[0x023b30c0] Threads_lock - owner thread: 0x34d7c000

Heap:
 def new generation   total 235968K, used 192017K [0x04800000, 0x14800000, 0x14800000)
  eden space 209792K,  85% used [0x04800000, 0x0f7a6368, 0x114e0000)
  from space 26176K,  46% used [0x114e0000, 0x120be1e8, 0x12e70000)
  to   space 26176K,   0% used [0x12e70000, 0x12e70000, 0x14800000)
 tenured generation   total 524288K, used 70127K [0x14800000, 0x34800000, 0x34800000)
   the space 524288K,  13% used [0x14800000, 0x18c7bd10, 0x18c7be00, 0x34800000)
 Metaspace       used 33502K, capacity 33900K, committed 33920K, reserved 34176K

Card table byte_map: [0x04640000,0x047d0000] byte_map_base: 0x0461c000

Polling page: 0x00a30000

CodeCache: size=32768Kb used=6660Kb max_used=6660Kb free=26107Kb
 bounds [0x02640000, 0x02cc8000, 0x04640000]
 total_blobs=2856 nmethods=2422 adapters=361
 compilation: enabled

Compilation events (10 events):
Event: 82.826 Thread 0x35851000 2467             sun.reflect.generics.reflectiveObjects.ParameterizedTypeImpl::hashCode (24 bytes)
Event: 82.827 Thread 0x35851000 nmethod 2467 0x02cbfc48 code [0x02cbfd60, 0x02cbfe74]
Event: 83.461 Thread 0x35865800 2468             sun.reflect.generics.tree.MethodTypeSignature::getFormalTypeParameters (5 bytes)
Event: 83.462 Thread 0x35865800 nmethod 2468 0x02cbff48 code [0x02cc0040, 0x02cc00c0]
Event: 83.472 Thread 0x3580d000 2469   !         java.lang.ClassLoader::checkCerts (195 bytes)
Event: 83.475 Thread 0x3580d000 nmethod 2469 0x02cc0108 code [0x02cc02c0, 0x02cc08d0]
Event: 84.602 Thread 0x35851000 2470             sun.reflect.NativeMethodAccessorImpl::invoke (104 bytes)
Event: 84.605 Thread 0x35851000 nmethod 2470 0x02cc1188 code [0x02cc1300, 0x02cc16b8]
Event: 84.622 Thread 0x35865800 2472             org.codehaus.groovy.reflection.stdclasses.ObjectCachedClass::isAssignableFrom (2 bytes)
Event: 84.622 Thread 0x35865800 nmethod 2472 0x02cc1bc8 code [0x02cc1cc0, 0x02cc1d40]

GC Heap History (10 events):
Event: 58.951 GC heap before
{Heap before GC invocations=7 (full 2):
 def new generation   total 235968K, used 223651K [0x04800000, 0x14800000, 0x14800000)
  eden space 209792K,  98% used [0x04800000, 0x11132e38, 0x114e0000)
  from space 26176K,  67% used [0x12e70000, 0x13fa5e20, 0x14800000)
  to   space 26176K,   0% used [0x114e0000, 0x114e0000, 0x12e70000)
 tenured generation   total 524288K, used 25305K [0x14800000, 0x34800000, 0x34800000)
   the space 524288K,   4% used [0x14800000, 0x160b6530, 0x160b6600, 0x34800000)
 Metaspace       used 26872K, capacity 27191K, committed 27264K, reserved 28032K
Event: 59.104 GC heap after
Heap after GC invocations=8 (full 2):
 def new generation   total 235968K, used 9806K [0x04800000, 0x14800000, 0x14800000)
  eden space 209792K,   0% used [0x04800000, 0x04800000, 0x114e0000)
  from space 26176K,  37% used [0x114e0000, 0x11e739f0, 0x12e70000)
  to   space 26176K,   0% used [0x12e70000, 0x12e70000, 0x14800000)
 tenured generation   total 524288K, used 41814K [0x14800000, 0x34800000, 0x34800000)
   the space 524288K,   7% used [0x14800000, 0x170d5ad0, 0x170d5c00, 0x34800000)
 Metaspace       used 26872K, capacity 27191K, committed 27264K, reserved 28032K
}
Event: 60.672 GC heap before
{Heap before GC invocations=8 (full 2):
 def new generation   total 235968K, used 213349K [0x04800000, 0x14800000, 0x14800000)
  eden space 209792K,  97% used [0x04800000, 0x10ec5b00, 0x114e0000)
  from space 26176K,  37% used [0x114e0000, 0x11e739f0, 0x12e70000)
  to   space 26176K,   0% used [0x12e70000, 0x12e70000, 0x14800000)
 tenured generation   total 524288K, used 41814K [0x14800000, 0x34800000, 0x34800000)
   the space 524288K,   7% used [0x14800000, 0x170d5ad0, 0x170d5c00, 0x34800000)
 Metaspace       used 27112K, capacity 27435K, committed 27520K, reserved 28032K
Event: 60.858 GC heap after
Heap after GC invocations=9 (full 2):
 def new generation   total 235968K, used 22086K [0x04800000, 0x14800000, 0x14800000)
  eden space 209792K,   0% used [0x04800000, 0x04800000, 0x114e0000)
  from space 26176K,  84% used [0x12e70000, 0x14401b48, 0x14800000)
  to   space 26176K,   0% used [0x114e0000, 0x114e0000, 0x12e70000)
 tenured generation   total 524288K, used 41814K [0x14800000, 0x34800000, 0x34800000)
   the space 524288K,   7% used [0x14800000, 0x170d5ad0, 0x170d5c00, 0x34800000)
 Metaspace       used 27112K, capacity 27435K, committed 27520K, reserved 28032K
}
Event: 66.951 GC heap before
{Heap before GC invocations=9 (full 2):
 def new generation   total 235968K, used 231878K [0x04800000, 0x14800000, 0x14800000)
  eden space 209792K, 100% used [0x04800000, 0x114e0000, 0x114e0000)
  from space 26176K,  84% used [0x12e70000, 0x14401b48, 0x14800000)
  to   space 26176K,   0% used [0x114e0000, 0x114e0000, 0x12e70000)
 tenured generation   total 524288K, used 41814K [0x14800000, 0x34800000, 0x34800000)
   the space 524288K,   7% used [0x14800000, 0x170d5ad0, 0x170d5c00, 0x34800000)
 Metaspace       used 28537K, capacity 28896K, committed 28928K, reserved 29056K
Event: 67.203 GC heap after
Heap after GC invocations=10 (full 2):
 def new generation   total 235968K, used 8253K [0x04800000, 0x14800000, 0x14800000)
  eden space 209792K,   0% used [0x04800000, 0x04800000, 0x114e0000)
  from space 26176K,  31% used [0x114e0000, 0x11cef6b8, 0x12e70000)
  to   space 26176K,   0% used [0x12e70000, 0x12e70000, 0x14800000)
 tenured generation   total 524288K, used 63821K [0x14800000, 0x34800000, 0x34800000)
   the space 524288K,  12% used [0x14800000, 0x186535d0, 0x18653600, 0x34800000)
 Metaspace       used 28537K, capacity 28896K, committed 28928K, reserved 29056K
}
Event: 73.925 GC heap before
{Heap before GC invocations=10 (full 2):
 def new generation   total 235968K, used 218045K [0x04800000, 0x14800000, 0x14800000)
  eden space 209792K, 100% used [0x04800000, 0x114e0000, 0x114e0000)
  from space 26176K,  31% used [0x114e0000, 0x11cef6b8, 0x12e70000)
  to   space 26176K,   0% used [0x12e70000, 0x12e70000, 0x14800000)
 tenured generation   total 524288K, used 63821K [0x14800000, 0x34800000, 0x34800000)
   the space 524288K,  12% used [0x14800000, 0x186535d0, 0x18653600, 0x34800000)
 Metaspace       used 30189K, capacity 30552K, committed 30592K, reserved 31104K
Event: 74.037 GC heap after
Heap after GC invocations=11 (full 2):
 def new generation   total 235968K, used 13156K [0x04800000, 0x14800000, 0x14800000)
  eden space 209792K,   0% used [0x04800000, 0x04800000, 0x114e0000)
  from space 26176K,  50% used [0x12e70000, 0x13b49148, 0x14800000)
  to   space 26176K,   0% used [0x114e0000, 0x114e0000, 0x12e70000)
 tenured generation   total 524288K, used 63821K [0x14800000, 0x34800000, 0x34800000)
   the space 524288K,  12% used [0x14800000, 0x186535d0, 0x18653600, 0x34800000)
 Metaspace       used 30189K, capacity 30552K, committed 30592K, reserved 31104K
}
Event: 81.027 GC heap before
{Heap before GC invocations=11 (full 2):
 def new generation   total 235968K, used 222948K [0x04800000, 0x14800000, 0x14800000)
  eden space 209792K, 100% used [0x04800000, 0x114e0000, 0x114e0000)
  from space 26176K,  50% used [0x12e70000, 0x13b49148, 0x14800000)
  to   space 26176K,   0% used [0x114e0000, 0x114e0000, 0x12e70000)
 tenured generation   total 524288K, used 63821K [0x14800000, 0x34800000, 0x34800000)
   the space 524288K,  12% used [0x14800000, 0x186535d0, 0x18653600, 0x34800000)
 Metaspace       used 31776K, capacity 32157K, committed 32256K, reserved 33152K
Event: 81.197 GC heap after
Heap after GC invocations=12 (full 2):
 def new generation   total 235968K, used 12152K [0x04800000, 0x14800000, 0x14800000)
  eden space 209792K,   0% used [0x04800000, 0x04800000, 0x114e0000)
  from space 26176K,  46% used [0x114e0000, 0x120be1e8, 0x12e70000)
  to   space 26176K,   0% used [0x12e70000, 0x12e70000, 0x14800000)
 tenured generation   total 524288K, used 70127K [0x14800000, 0x34800000, 0x34800000)
   the space 524288K,  13% used [0x14800000, 0x18c7bd10, 0x18c7be00, 0x34800000)
 Metaspace       used 31776K, capacity 32157K, committed 32256K, reserved 33152K
}

Deoptimization events (0 events):
No events

Classes redefined (0 events):
No events

Internal exceptions (10 events):
Event: 84.549 Thread 0x023b4800 Exception <a 'java/lang/ClassNotFoundException': org/grails/orm/hibernate/cfg/JoinTableBeanInfo> (0x0f280540) thrown at [C:\workspace\8-2-build-windows-i586-cygwin\jdk8u191\11896\hotspot\src\share\vm\classfile\systemDictionary.cpp, line 210]
Event: 84.552 Thread 0x023b4800 Exception <a 'java/lang/ClassNotFoundException': org/grails/orm/hibernate/cfg/JoinTableCustomizer> (0x0f2a4b10) thrown at [C:\workspace\8-2-build-windows-i586-cygwin\jdk8u191\11896\hotspot\src\share\vm\classfile\systemDictionary.cpp, line 210]
Event: 84.613 Thread 0x023b4800 Exception <a 'java/lang/ClassNotFoundException': org/grails/orm/hibernate/cfg/ColumnConfigBeanInfo> (0x0f473c70) thrown at [C:\workspace\8-2-build-windows-i586-cygwin\jdk8u191\11896\hotspot\src\share\vm\classfile\systemDictionary.cpp, line 210]
Event: 84.617 Thread 0x023b4800 Exception <a 'java/lang/ClassNotFoundException': org/grails/orm/hibernate/cfg/ColumnConfigCustomizer> (0x0f499728) thrown at [C:\workspace\8-2-build-windows-i586-cygwin\jdk8u191\11896\hotspot\src\share\vm\classfile\systemDictionary.cpp, line 210]
Event: 84.688 Thread 0x023b4800 Exception <a 'java/lang/ClassNotFoundException': org/grails/plugins/web/controllers/api/ControllersDomainBindingApiBeanInfo> (0x0f599198) thrown at [C:\workspace\8-2-build-windows-i586-cygwin\jdk8u191\11896\hotspot\src\share\vm\classfile\systemDictionary.
Event: 84.692 Thread 0x023b4800 Exception <a 'java/lang/ClassNotFoundException': org/grails/plugins/web/controllers/api/ControllersDomainBindingApiCustomizer> (0x0f5ca780) thrown at [C:\workspace\8-2-build-windows-i586-cygwin\jdk8u191\11896\hotspot\src\share\vm\classfile\systemDictionar
Event: 84.701 Thread 0x023b4800 Exception <a 'java/lang/ClassNotFoundException': org/grails/plugins/converters/api/ConvertersApiBeanInfo> (0x0f612f78) thrown at [C:\workspace\8-2-build-windows-i586-cygwin\jdk8u191\11896\hotspot\src\share\vm\classfile\systemDictionary.cpp, line 210]
Event: 84.705 Thread 0x023b4800 Exception <a 'java/lang/ClassNotFoundException': org/grails/plugins/converters/api/ConvertersApiCustomizer> (0x0f63bdd8) thrown at [C:\workspace\8-2-build-windows-i586-cygwin\jdk8u191\11896\hotspot\src\share\vm\classfile\systemDictionary.cpp, line 210]
Event: 84.705 Thread 0x023b4800 Exception <a 'java/lang/ArrayIndexOutOfBoundsException'> (0x0f63de88) thrown at [C:\workspace\8-2-build-windows-i586-cygwin\jdk8u191\11896\hotspot\src\share\vm\runtime\sharedRuntime.cpp, line 605]
Event: 84.709 Thread 0x023b4800 Exception <a 'java/lang/reflect/InvocationTargetException'> (0x0f645238) thrown at [C:\workspace\8-2-build-windows-i586-cygwin\jdk8u191\11896\hotspot\src\share\vm\runtime\reflection.cpp, line 1092]

Events (10 events):
Event: 84.719 loading class sun/util/resources/TimeZoneNamesBundle done
Event: 84.720 loading class sun/util/resources/TimeZoneNames done
Event: 84.720 loading class sun/util/resources/en/TimeZoneNames_en
Event: 84.720 loading class sun/util/resources/en/TimeZoneNames_en done
Event: 84.728 loading class java/util/AbstractMap$1$1
Event: 84.729 loading class java/util/AbstractMap$1$1 done
Event: 84.729 loading class org/springframework/util/ConcurrentReferenceHashMap$EntrySet
Event: 84.729 loading class org/springframework/util/ConcurrentReferenceHashMap$EntrySet done
Event: 84.732 loading class org/springframework/util/ConcurrentReferenceHashMap$EntryIterator
Event: 84.732 loading class org/springframework/util/ConcurrentReferenceHashMap$EntryIterator done


Dynamic libraries:
0x00110000 - 0x00143000 	C:\Program Files (x86)\Java\jdk1.8.0_191\bin\java.exe
0x76f70000 - 0x770eb000 	C:\Windows\SYSTEM32\ntdll.dll
0x73fd0000 - 0x740b0000 	C:\Windows\SYSTEM32\KERNEL32.DLL
0x740b0000 - 0x7422e000 	C:\Windows\SYSTEM32\KERNELBASE.dll
0x73bf0000 - 0x73c82000 	C:\Windows\system32\apphelp.dll
0x745b0000 - 0x7462b000 	C:\Windows\SYSTEM32\ADVAPI32.dll
0x75630000 - 0x756ee000 	C:\Windows\SYSTEM32\msvcrt.dll
0x74750000 - 0x74794000 	C:\Windows\SYSTEM32\sechost.dll
0x73d90000 - 0x73e3d000 	C:\Windows\SYSTEM32\RPCRT4.dll
0x73ca0000 - 0x73cbe000 	C:\Windows\SYSTEM32\SspiCli.dll
0x73c90000 - 0x73c9a000 	C:\Windows\SYSTEM32\CRYPTBASE.dll
0x74540000 - 0x74598000 	C:\Windows\SYSTEM32\bcryptPrimitives.dll
0x76d00000 - 0x76e47000 	C:\Windows\SYSTEM32\USER32.dll
0x76bb0000 - 0x76cfe000 	C:\Windows\SYSTEM32\GDI32.dll
0x729d0000 - 0x72bdf000 	C:\Windows\WinSxS\x86_microsoft.windows.common-controls_6595b64144ccf1df_6.0.10586.839_none_ea8af107b9b5cbb4\COMCTL32.dll
0x748b0000 - 0x74a6a000 	C:\Windows\SYSTEM32\combase.dll
0x74630000 - 0x7465b000 	C:\Windows\SYSTEM32\IMM32.DLL
0x6ac40000 - 0x6acff000 	C:\Program Files (x86)\Java\jdk1.8.0_191\jre\bin\msvcr100.dll
0x6a860000 - 0x6ac33000 	C:\Program Files (x86)\Java\jdk1.8.0_191\jre\bin\client\jvm.dll
0x76af0000 - 0x76af6000 	C:\Windows\SYSTEM32\PSAPI.DLL
0x71330000 - 0x71338000 	C:\Windows\SYSTEM32\WSOCK32.dll
0x76b50000 - 0x76baf000 	C:\Windows\SYSTEM32\WS2_32.dll
0x6f5a0000 - 0x6f5c4000 	C:\Windows\SYSTEM32\WINMM.dll
0x73700000 - 0x73708000 	C:\Windows\SYSTEM32\VERSION.dll
0x6f450000 - 0x6f473000 	C:\Windows\SYSTEM32\WINMMBASE.dll
0x75580000 - 0x755b7000 	C:\Windows\SYSTEM32\cfgmgr32.dll
0x73720000 - 0x7372c000 	C:\Program Files (x86)\Java\jdk1.8.0_191\jre\bin\verify.dll
0x6a830000 - 0x6a852000 	C:\Program Files (x86)\Java\jdk1.8.0_191\jre\bin\java.dll
0x6a760000 - 0x6a780000 	C:\Program Files (x86)\Java\jdk1.8.0_191\jre\bin\instrument.dll
0x6a810000 - 0x6a824000 	C:\Program Files (x86)\Java\jdk1.8.0_191\jre\bin\zip.dll
0x756f0000 - 0x76aee000 	C:\Windows\SYSTEM32\SHELL32.dll
0x74ad0000 - 0x74fca000 	C:\Windows\SYSTEM32\windows.storage.dll
0x74860000 - 0x748a5000 	C:\Windows\SYSTEM32\shlwapi.dll
0x755c0000 - 0x755cc000 	C:\Windows\SYSTEM32\kernel.appcore.dll
0x74330000 - 0x743bd000 	C:\Windows\SYSTEM32\shcore.dll
0x74700000 - 0x74744000 	C:\Windows\SYSTEM32\powrprof.dll
0x73ce0000 - 0x73cef000 	C:\Windows\SYSTEM32\profapi.dll
0x6a7f0000 - 0x6a805000 	C:\Program Files (x86)\Java\jdk1.8.0_191\jre\bin\net.dll
0x6f400000 - 0x6f44f000 	C:\Windows\system32\mswsock.dll
0x6a740000 - 0x6a752000 	C:\Windows\system32\napinsp.dll
0x6a720000 - 0x6a736000 	C:\Windows\system32\pnrpnsp.dll
0x6a700000 - 0x6a714000 	C:\Windows\system32\NLAapi.dll
0x6f350000 - 0x6f3d4000 	C:\Windows\SYSTEM32\DNSAPI.dll
0x73d80000 - 0x73d87000 	C:\Windows\SYSTEM32\NSI.dll
0x6a6f0000 - 0x6a6fb000 	C:\Windows\System32\winrnr.dll
0x6ec50000 - 0x6ec58000 	C:\Windows\System32\rasadhlp.dll
0x73740000 - 0x7376f000 	C:\Windows\SYSTEM32\IPHLPAPI.DLL
0x6ebd0000 - 0x6ec17000 	C:\Windows\System32\fwpuclnt.dll
0x73940000 - 0x7395b000 	C:\Windows\SYSTEM32\bcrypt.dll
0x6a780000 - 0x6a78a000 	C:\Program Files (x86)\Java\jdk1.8.0_191\jre\bin\management.dll
0x731e0000 - 0x731ef000 	C:\Program Files (x86)\Java\jdk1.8.0_191\jre\bin\nio.dll
0x72fa0000 - 0x730df000 	C:\Windows\SYSTEM32\dbghelp.dll

VM Arguments:
jvm_args: -Dendpoints.shutdown.enabled=true -Denv=development -Dfull.stacktrace=false -Dgrails.env=development -Dgrails.full.stacktrace=false -Dinfo.app.grailsVersion=3.3.8 -Dinfo.app.name=sverse-web -Dinfo.app.version=0.1 -Djdk.reflect.allowGetCallerClass=true -Drun.active=true -Dspring.output.ansi.enabled=always -Dspringloaded=inclusions=grails.plugins..*;synchronize=true;allowSplitPackages=true;cacheDir=C:\Users\Pereira\sverse-web\build\springloaded -Dverbose=false -XX:+TieredCompilation -XX:TieredStopAtLevel=1 -XX:CICompilerCount=3 -javaagent:C:\Users\Pereira\.gradle\caches\modules-2\files-2.1\org.springframework\springloaded\1.2.8.RELEASE\b60bac05b0451cdc1863bfec617f39aa0dcaaa43\springloaded-1.2.8.RELEASE.jar -Xverify:none -Xms768m -Xmx768m -Dfile.encoding=UTF-8 -Duser.country=BR -Duser.language=pt -Duser.variant 
java_command: sverseweb.Application
java_class_path (initial): C:\Users\Pereira\sverse-web\src\main\resources;C:\Users\Pereira\sverse-web\grails-app\views;C:\Users\Pereira\sverse-web\grails-app\i18n;C:\Users\Pereira\sverse-web\grails-app\conf;C:\Users\Pereira\sverse-web\build\classes\main;C:\Users\Pereira\sverse-web\build\resources\main;C:\Users\Pereira\sverse-web\gsp-classes;C:\Users\Pereira\.gradle\caches\modules-2\files-2.1\org.springframework.boot\spring-boot-starter-logging\1.5.15.RELEASE\3a0d1b63705bb75ac54884c6c169b1e1908f1375\spring-boot-starter-logging-1.5.15.RELEASE.jar;C:\Users\Pereira\.gradle\caches\modules-2\files-2.1\org.springframework.boot\spring-boot-autoconfigure\1.5.15.RELEASE\9cb093e335fc58e61581edcb959813b62731ef8e\spring-boot-autoconfigure-1.5.15.RELEASE.jar;C:\Users\Pereira\.gradle\caches\modules-2\files-2.1\org.grails\grails-core\3.3.8\d535a1f07ed1a1ce388bc18c8b63a3f3abd1aeee\grails-core-3.3.8.jar;C:\Users\Pereira\.gradle\caches\modules-2\files-2.1\org.springframework.boot\spring-boot-starter-actuator\1.5.15.RELEASE\2f2e793c6c4592d99e58cf0668d1fcf2a84247f2\spring-boot-starter-actuator-1.5.15.RELEASE.jar;C:\Users\Pereira\.gradle\caches\modules-2\files-2.1\org.grails\grails-web-boot\3.3.8\173becb00d5a1d7cb1f1a44533d9ca8efd9843a\grails-web-boot-3.3.8.jar;C:\Users\Pereira\.gradle\caches\modules-2\files-2.1\org.grails\grails-logging\3.3.8\2c8647c42d85b7708d239ba3b2c2b422514f4fe9\grails-logging-3.3.8.jar;C:\Users\Pereira\.gradle\caches\modules-2\files-2.1\org.grails\grails-plugin-rest\3.3.8\8c6bc7985e3941e60336443e9f833b29ec573451\grails-plugin-rest-3.3.8.jar;C:\Users\Pereira\.gradle\caches\modules-2\files-2.1\org.grails\grails-plugin-databinding\3.3.8\5dfc9e914c81c413ebf432e1c5459794ce673291\grails-plugin-databinding-3.3.8.jar;C:\Users\Pereira\.gradle\caches\modules-2\files-2.1\org.grails\grails-plugin-i18n\3.3.8\a01c648c61520a89dcbe57b57656ed8d98995852\grails-plugin-i18n-3.3.8.jar;C:\Users\Pereira\.gradle\caches\modules-2\files-2.1\org.grails\grails-plugin-services\3.3.8\3cb9c7df
Launcher Type: SUN_STANDARD

Environment Variables:
JAVA_HOME=C:\Program Files\Java\jdk-10
PATH=C:\Windows\system32;C:\Windows;C:\Windows\System32\Wbem;C:\Windows\System32\WindowsPowerShell\v1.0\;C:\Program Files (x86)\ATI Technologies\ATI.ACE\Core-Static;C:\Program Files\Java\jdk-10\bin;C:\Program Files (x86)\grails-3.3.8\bin;C:\Program Files (x86)\apache-groovy-sdk-2.5.3\bin;C:\Program Files (x86)\Git\cmd
USERNAME=Pereira
OS=Windows_NT
PROCESSOR_IDENTIFIER=AMD64 Family 20 Model 2 Stepping 0, AuthenticAMD



---------------  S Y S T E M  ---------------

OS: Windows 10.0 , 64 bit Build 10586 (10.0.10586.589)

CPU:total 2 (initial active 2) (2 cores per cpu, 1 threads per core) family 20 model 2 stepping 0, cmov, cx8, fxsr, mmx, sse, sse2, sse3, ssse3, popcnt, mmxext, lzcnt, sse4a, tsc, tscinvbit, tscinv

Memory: 4k page, physical 3780600k(555476k free), swap 6795256k(2684408k free)

vm_info: Java HotSpot(TM) Client VM (25.191-b12) for windows-x86 JRE (1.8.0_191-b12), built on Oct  6 2018 08:34:23 by "java_re" with MS VC++ 10.0 (VS2010)

time: Thu Feb 14 17:01:11 2019
elapsed time: 85 seconds (0d 0h 1m 25s)

